{"D:\\Uni\\Sem5\\backend-daisybrew\\src\\config\\email.ts": {"path":"D:\\Uni\\Sem5\\backend-daisybrew\\src\\config\\email.ts","statementMap":{"0":{"start":{"line":1,"column":0},"end":{"line":1,"column":36}},"1":{"start":{"line":2,"column":23},"end":{"line":2,"column":59}},"2":{"start":{"line":3,"column":19},"end":{"line":3,"column":51}},"3":{"start":{"line":5,"column":13},"end":{"line":11,"column":3}},"4":{"start":{"line":13,"column":25},"end":{"line":21,"column":1}},"5":{"start":{"line":14,"column":24},"end":{"line":19,"column":6}},"6":{"start":{"line":20,"column":4},"end":{"line":20,"column":44}},"7":{"start":{"line":13,"column":13},"end":{"line":13,"column":25}}},"fnMap":{"0":{"name":"(anonymous_1)","decl":{"start":{"line":13,"column":25},"end":{"line":13,"column":30}},"loc":{"start":{"line":13,"column":77},"end":{"line":21,"column":1}}}},"branchMap":{},"s":{"0":13,"1":13,"2":13,"3":13,"4":13,"5":4,"6":4,"7":13},"f":{"0":4},"b":{}}
,"D:\\Uni\\Sem5\\backend-daisybrew\\src\\config\\index.ts": {"path":"D:\\Uni\\Sem5\\backend-daisybrew\\src\\config\\index.ts","statementMap":{"0":{"start":{"line":1,"column":0},"end":{"line":1,"column":28}},"1":{"start":{"line":3,"column":0},"end":{"line":3,"column":16}},"2":{"start":{"line":5,"column":13},"end":{"line":5,"column":61}},"3":{"start":{"line":6,"column":13},"end":{"line":6,"column":59}}},"fnMap":{},"branchMap":{},"s":{"0":34,"1":34,"2":34,"3":34},"f":{},"b":{}}
,"D:\\Uni\\Sem5\\backend-daisybrew\\src\\controllers\\auth.controller.ts": {"path":"D:\\Uni\\Sem5\\backend-daisybrew\\src\\controllers\\auth.controller.ts","statementMap":{"0":{"start":{"line":2,"column":0},"end":{"line":2,"column":28}},"1":{"start":{"line":3,"column":0},"end":{"line":3,"column":55}},"2":{"start":{"line":4,"column":0},"end":{"line":4,"column":65}},"3":{"start":{"line":5,"column":0},"end":{"line":5,"column":44}},"4":{"start":{"line":8,"column":20},"end":{"line":8,"column":37}},"5":{"start":{"line":12,"column":4},"end":{"line":24,"column":3}},"6":{"start":{"line":13,"column":19},"end":{"line":13,"column":50}},"7":{"start":{"line":14,"column":19},"end":{"line":14,"column":53}},"8":{"start":{"line":15,"column":6},"end":{"line":18,"column":7}},"9":{"start":{"line":20,"column":4},"end":{"line":23,"column":7}},"10":{"start":{"line":28,"column":4},"end":{"line":40,"column":3}},"11":{"start":{"line":29,"column":19},"end":{"line":29,"column":47}},"12":{"start":{"line":30,"column":21},"end":{"line":30,"column":54}},"13":{"start":{"line":31,"column":6},"end":{"line":34,"column":7}},"14":{"start":{"line":36,"column":4},"end":{"line":39,"column":7}},"15":{"start":{"line":44,"column":4},"end":{"line":77,"column":5}},"16":{"start":{"line":45,"column":24},"end":{"line":45,"column":32}},"17":{"start":{"line":47,"column":6},"end":{"line":49,"column":7}},"18":{"start":{"line":48,"column":8},"end":{"line":48,"column":68}},"19":{"start":{"line":51,"column":25},"end":{"line":51,"column":63}},"20":{"start":{"line":53,"column":6},"end":{"line":53,"column":65}},"21":{"start":{"line":55,"column":24},"end":{"line":55,"column":86}},"22":{"start":{"line":57,"column":6},"end":{"line":66,"column":8}},"23":{"start":{"line":68,"column":6},"end":{"line":72,"column":9}},"24":{"start":{"line":74,"column":6},"end":{"line":76,"column":30}},"25":{"start":{"line":81,"column":2},"end":{"line":98,"column":3}},"26":{"start":{"line":82,"column":32},"end":{"line":82,"column":40}},"27":{"start":{"line":84,"column":4},"end":{"line":88,"column":5}},"28":{"start":{"line":85,"column":6},"end":{"line":87,"column":9}},"29":{"start":{"line":90,"column":4},"end":{"line":90,"column":53}},"30":{"start":{"line":92,"column":4},"end":{"line":95,"column":7}},"31":{"start":{"line":97,"column":4},"end":{"line":97,"column":67}},"32":{"start":{"line":10,"column":0},"end":{"line":10,"column":13}}},"fnMap":{"0":{"name":"(anonymous_1)","decl":{"start":{"line":11,"column":2},"end":{"line":11,"column":7}},"loc":{"start":{"line":11,"column":44},"end":{"line":25,"column":3}}},"1":{"name":"(anonymous_2)","decl":{"start":{"line":27,"column":2},"end":{"line":27,"column":7}},"loc":{"start":{"line":27,"column":41},"end":{"line":41,"column":3}}},"2":{"name":"(anonymous_3)","decl":{"start":{"line":43,"column":2},"end":{"line":43,"column":7}},"loc":{"start":{"line":43,"column":50},"end":{"line":78,"column":3}}},"3":{"name":"(anonymous_4)","decl":{"start":{"line":80,"column":2},"end":{"line":80,"column":7}},"loc":{"start":{"line":80,"column":49},"end":{"line":99,"column":1}}}},"branchMap":{"0":{"loc":{"start":{"line":20,"column":15},"end":{"line":20,"column":36}},"type":"binary-expr","locations":[{"start":{"line":20,"column":15},"end":{"line":20,"column":29}},{"start":{"line":20,"column":33},"end":{"line":20,"column":36}}]},"1":{"loc":{"start":{"line":36,"column":15},"end":{"line":36,"column":36}},"type":"binary-expr","locations":[{"start":{"line":36,"column":15},"end":{"line":36,"column":29}},{"start":{"line":36,"column":33},"end":{"line":36,"column":36}}]},"2":{"loc":{"start":{"line":47,"column":6},"end":{"line":49,"column":7}},"type":"if","locations":[{"start":{"line":47,"column":6},"end":{"line":49,"column":7}}]},"3":{"loc":{"start":{"line":74,"column":17},"end":{"line":74,"column":38}},"type":"binary-expr","locations":[{"start":{"line":74,"column":17},"end":{"line":74,"column":31}},{"start":{"line":74,"column":35},"end":{"line":74,"column":38}}]},"4":{"loc":{"start":{"line":84,"column":4},"end":{"line":88,"column":5}},"type":"if","locations":[{"start":{"line":84,"column":4},"end":{"line":88,"column":5}}]},"5":{"loc":{"start":{"line":84,"column":8},"end":{"line":84,"column":27}},"type":"binary-expr","locations":[{"start":{"line":84,"column":8},"end":{"line":84,"column":14}},{"start":{"line":84,"column":18},"end":{"line":84,"column":27}}]},"6":{"loc":{"start":{"line":97,"column":15},"end":{"line":97,"column":36}},"type":"binary-expr","locations":[{"start":{"line":97,"column":15},"end":{"line":97,"column":29}},{"start":{"line":97,"column":33},"end":{"line":97,"column":36}}]}},"s":{"0":14,"1":14,"2":14,"3":14,"4":14,"5":7,"6":7,"7":6,"8":3,"9":4,"10":11,"11":11,"12":11,"13":8,"14":3,"15":7,"16":7,"17":7,"18":1,"19":6,"20":6,"21":5,"22":5,"23":5,"24":1,"25":9,"26":9,"27":9,"28":3,"29":6,"30":3,"31":3,"32":14},"f":{"0":7,"1":11,"2":7,"3":9},"b":{"0":[4,2],"1":[3,1],"2":[1],"3":[1,1],"4":[3],"5":[9,6],"6":[3,1]}}
,"D:\\Uni\\Sem5\\backend-daisybrew\\src\\controllers\\menu.controller.ts": {"path":"D:\\Uni\\Sem5\\backend-daisybrew\\src\\controllers\\menu.controller.ts","statementMap":{"0":{"start":{"line":2,"column":0},"end":{"line":2,"column":55}},"1":{"start":{"line":4,"column":31},"end":{"line":12,"column":1}},"2":{"start":{"line":5,"column":2},"end":{"line":11,"column":3}},"3":{"start":{"line":6,"column":22},"end":{"line":6,"column":57}},"4":{"start":{"line":7,"column":4},"end":{"line":7,"column":49}},"5":{"start":{"line":9,"column":4},"end":{"line":9,"column":23}},"6":{"start":{"line":10,"column":4},"end":{"line":10,"column":78}},"7":{"start":{"line":4,"column":13},"end":{"line":4,"column":31}}},"fnMap":{"0":{"name":"(anonymous_0)","decl":{"start":{"line":4,"column":31},"end":{"line":4,"column":36}},"loc":{"start":{"line":4,"column":69},"end":{"line":12,"column":1}}}},"branchMap":{},"s":{"0":14,"1":14,"2":4,"3":4,"4":2,"5":2,"6":2,"7":14},"f":{"0":4},"b":{}}
,"D:\\Uni\\Sem5\\backend-daisybrew\\src\\controllers\\notification.controller.ts": {"path":"D:\\Uni\\Sem5\\backend-daisybrew\\src\\controllers\\notification.controller.ts","statementMap":{"0":{"start":{"line":2,"column":0},"end":{"line":2,"column":71}},"1":{"start":{"line":5,"column":32},"end":{"line":13,"column":1}},"2":{"start":{"line":6,"column":2},"end":{"line":12,"column":3}},"3":{"start":{"line":7,"column":26},"end":{"line":7,"column":86}},"4":{"start":{"line":8,"column":4},"end":{"line":8,"column":28}},"5":{"start":{"line":10,"column":4},"end":{"line":10,"column":23}},"6":{"start":{"line":11,"column":4},"end":{"line":11,"column":71}},"7":{"start":{"line":5,"column":13},"end":{"line":5,"column":32}},"8":{"start":{"line":16,"column":38},"end":{"line":24,"column":1}},"9":{"start":{"line":17,"column":2},"end":{"line":23,"column":3}},"10":{"start":{"line":18,"column":4},"end":{"line":18,"column":56}},"11":{"start":{"line":19,"column":4},"end":{"line":19,"column":57}},"12":{"start":{"line":21,"column":4},"end":{"line":21,"column":23}},"13":{"start":{"line":22,"column":4},"end":{"line":22,"column":71}},"14":{"start":{"line":16,"column":13},"end":{"line":16,"column":38}},"15":{"start":{"line":27,"column":34},"end":{"line":35,"column":1}},"16":{"start":{"line":28,"column":2},"end":{"line":34,"column":3}},"17":{"start":{"line":29,"column":21},"end":{"line":29,"column":89}},"18":{"start":{"line":30,"column":4},"end":{"line":30,"column":35}},"19":{"start":{"line":32,"column":4},"end":{"line":32,"column":23}},"20":{"start":{"line":33,"column":4},"end":{"line":33,"column":71}},"21":{"start":{"line":27,"column":13},"end":{"line":27,"column":34}}},"fnMap":{"0":{"name":"(anonymous_0)","decl":{"start":{"line":5,"column":32},"end":{"line":5,"column":37}},"loc":{"start":{"line":5,"column":66},"end":{"line":13,"column":1}}},"1":{"name":"(anonymous_1)","decl":{"start":{"line":16,"column":38},"end":{"line":16,"column":43}},"loc":{"start":{"line":16,"column":72},"end":{"line":24,"column":1}}},"2":{"name":"(anonymous_2)","decl":{"start":{"line":27,"column":34},"end":{"line":27,"column":39}},"loc":{"start":{"line":27,"column":68},"end":{"line":35,"column":1}}}},"branchMap":{},"s":{"0":1,"1":1,"2":2,"3":2,"4":1,"5":1,"6":1,"7":1,"8":1,"9":2,"10":2,"11":1,"12":1,"13":1,"14":1,"15":1,"16":2,"17":2,"18":1,"19":1,"20":1,"21":1},"f":{"0":2,"1":2,"2":2},"b":{}}
,"D:\\Uni\\Sem5\\backend-daisybrew\\src\\controllers\\order.controller.ts": {"path":"D:\\Uni\\Sem5\\backend-daisybrew\\src\\controllers\\order.controller.ts","statementMap":{"0":{"start":{"line":2,"column":0},"end":{"line":2,"column":57}},"1":{"start":{"line":5,"column":27},"end":{"line":13,"column":1}},"2":{"start":{"line":6,"column":2},"end":{"line":12,"column":3}},"3":{"start":{"line":7,"column":18},"end":{"line":7,"column":72}},"4":{"start":{"line":8,"column":4},"end":{"line":8,"column":32}},"5":{"start":{"line":10,"column":4},"end":{"line":10,"column":23}},"6":{"start":{"line":11,"column":4},"end":{"line":11,"column":79}},"7":{"start":{"line":5,"column":13},"end":{"line":5,"column":27}},"8":{"start":{"line":16,"column":29},"end":{"line":24,"column":1}},"9":{"start":{"line":17,"column":2},"end":{"line":23,"column":3}},"10":{"start":{"line":18,"column":19},"end":{"line":18,"column":65}},"11":{"start":{"line":19,"column":4},"end":{"line":19,"column":21}},"12":{"start":{"line":21,"column":4},"end":{"line":21,"column":23}},"13":{"start":{"line":22,"column":4},"end":{"line":22,"column":64}},"14":{"start":{"line":16,"column":13},"end":{"line":16,"column":29}}},"fnMap":{"0":{"name":"(anonymous_0)","decl":{"start":{"line":5,"column":27},"end":{"line":5,"column":32}},"loc":{"start":{"line":5,"column":61},"end":{"line":13,"column":1}}},"1":{"name":"(anonymous_1)","decl":{"start":{"line":16,"column":29},"end":{"line":16,"column":34}},"loc":{"start":{"line":16,"column":63},"end":{"line":24,"column":1}}}},"branchMap":{"0":{"loc":{"start":{"line":11,"column":36},"end":{"line":11,"column":75}},"type":"binary-expr","locations":[{"start":{"line":11,"column":36},"end":{"line":11,"column":47}},{"start":{"line":11,"column":51},"end":{"line":11,"column":75}}]}},"s":{"0":14,"1":14,"2":4,"3":4,"4":2,"5":2,"6":2,"7":14,"8":14,"9":4,"10":4,"11":2,"12":2,"13":2,"14":14},"f":{"0":4,"1":4},"b":{"0":[2,0]}}
,"D:\\Uni\\Sem5\\backend-daisybrew\\src\\controllers\\admin\\menu.controller.ts": {"path":"D:\\Uni\\Sem5\\backend-daisybrew\\src\\controllers\\admin\\menu.controller.ts","statementMap":{"0":{"start":{"line":2,"column":0},"end":{"line":2,"column":58}},"1":{"start":{"line":6,"column":26},"end":{"line":14,"column":1}},"2":{"start":{"line":7,"column":2},"end":{"line":13,"column":3}},"3":{"start":{"line":8,"column":22},"end":{"line":8,"column":52}},"4":{"start":{"line":9,"column":4},"end":{"line":9,"column":49}},"5":{"start":{"line":11,"column":4},"end":{"line":11,"column":23}},"6":{"start":{"line":12,"column":4},"end":{"line":12,"column":78}},"7":{"start":{"line":6,"column":13},"end":{"line":6,"column":26}},"8":{"start":{"line":17,"column":30},"end":{"line":34,"column":1}},"9":{"start":{"line":18,"column":2},"end":{"line":33,"column":1}},"10":{"start":{"line":19,"column":31},"end":{"line":19,"column":39}},"11":{"start":{"line":20,"column":18},"end":{"line":20,"column":40}},"12":{"start":{"line":21,"column":18},"end":{"line":21,"column":65}},"13":{"start":{"line":23,"column":35},"end":{"line":23,"column":67}},"14":{"start":{"line":24,"column":21},"end":{"line":24,"column":58}},"15":{"start":{"line":26,"column":4},"end":{"line":26,"column":48}},"16":{"start":{"line":28,"column":2},"end":{"line":28,"column":43}},"17":{"start":{"line":29,"column":2},"end":{"line":32,"column":5}},"18":{"start":{"line":17,"column":13},"end":{"line":17,"column":30}},"19":{"start":{"line":37,"column":30},"end":{"line":56,"column":1}},"20":{"start":{"line":38,"column":2},"end":{"line":55,"column":3}},"21":{"start":{"line":39,"column":19},"end":{"line":39,"column":29}},"22":{"start":{"line":40,"column":31},"end":{"line":40,"column":39}},"23":{"start":{"line":41,"column":42},"end":{"line":41,"column":60}},"24":{"start":{"line":42,"column":4},"end":{"line":44,"column":1}},"25":{"start":{"line":43,"column":2},"end":{"line":43,"column":44}},"26":{"start":{"line":46,"column":4},"end":{"line":46,"column":69}},"27":{"start":{"line":46,"column":18},"end":{"line":46,"column":69}},"28":{"start":{"line":48,"column":20},"end":{"line":48,"column":68}},"29":{"start":{"line":49,"column":4},"end":{"line":49,"column":98}},"30":{"start":{"line":49,"column":18},"end":{"line":49,"column":98}},"31":{"start":{"line":51,"column":4},"end":{"line":51,"column":47}},"32":{"start":{"line":53,"column":4},"end":{"line":53,"column":23}},"33":{"start":{"line":54,"column":4},"end":{"line":54,"column":84}},"34":{"start":{"line":37,"column":13},"end":{"line":37,"column":30}},"35":{"start":{"line":59,"column":30},"end":{"line":68,"column":1}},"36":{"start":{"line":60,"column":2},"end":{"line":67,"column":3}},"37":{"start":{"line":61,"column":19},"end":{"line":61,"column":29}},"38":{"start":{"line":62,"column":4},"end":{"line":62,"column":41}},"39":{"start":{"line":63,"column":4},"end":{"line":63,"column":62}},"40":{"start":{"line":65,"column":4},"end":{"line":65,"column":23}},"41":{"start":{"line":66,"column":4},"end":{"line":66,"column":84}},"42":{"start":{"line":59,"column":13},"end":{"line":59,"column":30}},"43":{"start":{"line":71,"column":34},"end":{"line":84,"column":1}},"44":{"start":{"line":72,"column":2},"end":{"line":83,"column":3}},"45":{"start":{"line":73,"column":19},"end":{"line":73,"column":29}},"46":{"start":{"line":74,"column":28},"end":{"line":74,"column":36}},"47":{"start":{"line":76,"column":17},"end":{"line":76,"column":70}},"48":{"start":{"line":77,"column":4},"end":{"line":77,"column":95}},"49":{"start":{"line":77,"column":15},"end":{"line":77,"column":95}},"50":{"start":{"line":79,"column":4},"end":{"line":79,"column":44}},"51":{"start":{"line":81,"column":4},"end":{"line":81,"column":23}},"52":{"start":{"line":82,"column":4},"end":{"line":82,"column":87}},"53":{"start":{"line":71,"column":13},"end":{"line":71,"column":34}}},"fnMap":{"0":{"name":"(anonymous_0)","decl":{"start":{"line":6,"column":26},"end":{"line":6,"column":31}},"loc":{"start":{"line":6,"column":65},"end":{"line":14,"column":1}}},"1":{"name":"(anonymous_1)","decl":{"start":{"line":17,"column":30},"end":{"line":17,"column":35}},"loc":{"start":{"line":17,"column":68},"end":{"line":34,"column":1}}},"2":{"name":"(anonymous_2)","decl":{"start":{"line":37,"column":30},"end":{"line":37,"column":35}},"loc":{"start":{"line":37,"column":68},"end":{"line":56,"column":1}}},"3":{"name":"(anonymous_3)","decl":{"start":{"line":59,"column":30},"end":{"line":59,"column":35}},"loc":{"start":{"line":59,"column":68},"end":{"line":68,"column":1}}},"4":{"name":"(anonymous_4)","decl":{"start":{"line":71,"column":34},"end":{"line":71,"column":39}},"loc":{"start":{"line":71,"column":72},"end":{"line":84,"column":1}}}},"branchMap":{"0":{"loc":{"start":{"line":21,"column":18},"end":{"line":21,"column":65}},"type":"cond-expr","locations":[{"start":{"line":21,"column":29},"end":{"line":21,"column":60}},{"start":{"line":21,"column":63},"end":{"line":21,"column":65}}]},"1":{"loc":{"start":{"line":31,"column":13},"end":{"line":31,"column":56}},"type":"binary-expr","locations":[{"start":{"line":31,"column":13},"end":{"line":31,"column":24}},{"start":{"line":31,"column":28},"end":{"line":31,"column":56}}]},"2":{"loc":{"start":{"line":42,"column":4},"end":{"line":44,"column":1}},"type":"if","locations":[{"start":{"line":42,"column":4},"end":{"line":44,"column":1}}]},"3":{"loc":{"start":{"line":46,"column":4},"end":{"line":46,"column":69}},"type":"if","locations":[{"start":{"line":46,"column":4},"end":{"line":46,"column":69}}]},"4":{"loc":{"start":{"line":49,"column":4},"end":{"line":49,"column":98}},"type":"if","locations":[{"start":{"line":49,"column":4},"end":{"line":49,"column":98}}]},"5":{"loc":{"start":{"line":77,"column":4},"end":{"line":77,"column":95}},"type":"if","locations":[{"start":{"line":77,"column":4},"end":{"line":77,"column":95}}]}},"s":{"0":14,"1":14,"2":3,"3":3,"4":2,"5":1,"6":1,"7":14,"8":14,"9":3,"10":3,"11":3,"12":3,"13":3,"14":3,"15":2,"16":1,"17":1,"18":14,"19":14,"20":4,"21":4,"22":4,"23":4,"24":4,"25":2,"26":4,"27":0,"28":4,"29":3,"30":1,"31":2,"32":1,"33":1,"34":14,"35":14,"36":3,"37":3,"38":3,"39":2,"40":1,"41":1,"42":14,"43":14,"44":4,"45":4,"46":4,"47":4,"48":3,"49":1,"50":2,"51":1,"52":1,"53":14},"f":{"0":3,"1":3,"2":4,"3":3,"4":4},"b":{"0":[1,2],"1":[1,0],"2":[2],"3":[0],"4":[1],"5":[1]}}
,"D:\\Uni\\Sem5\\backend-daisybrew\\src\\controllers\\admin\\notification.controller.ts": {"path":"D:\\Uni\\Sem5\\backend-daisybrew\\src\\controllers\\admin\\notification.controller.ts","statementMap":{"0":{"start":{"line":2,"column":0},"end":{"line":2,"column":85}},"1":{"start":{"line":4,"column":35},"end":{"line":12,"column":1}},"2":{"start":{"line":5,"column":2},"end":{"line":11,"column":3}},"3":{"start":{"line":6,"column":26},"end":{"line":6,"column":86}},"4":{"start":{"line":7,"column":4},"end":{"line":7,"column":28}},"5":{"start":{"line":9,"column":4},"end":{"line":9,"column":23}},"6":{"start":{"line":10,"column":4},"end":{"line":10,"column":77}},"7":{"start":{"line":4,"column":13},"end":{"line":4,"column":35}}},"fnMap":{"0":{"name":"(anonymous_0)","decl":{"start":{"line":4,"column":35},"end":{"line":4,"column":40}},"loc":{"start":{"line":4,"column":69},"end":{"line":12,"column":1}}}},"branchMap":{},"s":{"0":14,"1":14,"2":3,"3":3,"4":2,"5":1,"6":1,"7":14},"f":{"0":3},"b":{}}
,"D:\\Uni\\Sem5\\backend-daisybrew\\src\\controllers\\admin\\order.controller.ts": {"path":"D:\\Uni\\Sem5\\backend-daisybrew\\src\\controllers\\admin\\order.controller.ts","statementMap":{"0":{"start":{"line":2,"column":0},"end":{"line":2,"column":60}},"1":{"start":{"line":6,"column":28},"end":{"line":14,"column":1}},"2":{"start":{"line":7,"column":2},"end":{"line":13,"column":3}},"3":{"start":{"line":8,"column":19},"end":{"line":8,"column":52}},"4":{"start":{"line":9,"column":4},"end":{"line":9,"column":21}},"5":{"start":{"line":11,"column":4},"end":{"line":11,"column":23}},"6":{"start":{"line":12,"column":4},"end":{"line":12,"column":64}},"7":{"start":{"line":6,"column":13},"end":{"line":6,"column":28}},"8":{"start":{"line":17,"column":33},"end":{"line":35,"column":1}},"9":{"start":{"line":18,"column":2},"end":{"line":34,"column":3}},"10":{"start":{"line":19,"column":38},"end":{"line":19,"column":46}},"11":{"start":{"line":20,"column":18},"end":{"line":20,"column":74}},"12":{"start":{"line":21,"column":4},"end":{"line":21,"column":70}},"13":{"start":{"line":23,"column":4},"end":{"line":23,"column":23}},"14":{"start":{"line":25,"column":4},"end":{"line":27,"column":5}},"15":{"start":{"line":26,"column":6},"end":{"line":26,"column":60}},"16":{"start":{"line":29,"column":4},"end":{"line":31,"column":5}},"17":{"start":{"line":30,"column":6},"end":{"line":30,"column":60}},"18":{"start":{"line":33,"column":4},"end":{"line":33,"column":86}},"19":{"start":{"line":17,"column":13},"end":{"line":17,"column":33}}},"fnMap":{"0":{"name":"(anonymous_0)","decl":{"start":{"line":6,"column":28},"end":{"line":6,"column":33}},"loc":{"start":{"line":6,"column":63},"end":{"line":14,"column":1}}},"1":{"name":"(anonymous_1)","decl":{"start":{"line":17,"column":33},"end":{"line":17,"column":38}},"loc":{"start":{"line":17,"column":67},"end":{"line":35,"column":1}}}},"branchMap":{"0":{"loc":{"start":{"line":25,"column":4},"end":{"line":27,"column":5}},"type":"if","locations":[{"start":{"line":25,"column":4},"end":{"line":27,"column":5}}]},"1":{"loc":{"start":{"line":29,"column":4},"end":{"line":31,"column":5}},"type":"if","locations":[{"start":{"line":29,"column":4},"end":{"line":31,"column":5}}]},"2":{"loc":{"start":{"line":33,"column":36},"end":{"line":33,"column":82}},"type":"binary-expr","locations":[{"start":{"line":33,"column":36},"end":{"line":33,"column":47}},{"start":{"line":33,"column":51},"end":{"line":33,"column":82}}]}},"s":{"0":14,"1":14,"2":3,"3":3,"4":2,"5":1,"6":1,"7":14,"8":14,"9":7,"10":7,"11":7,"12":2,"13":5,"14":5,"15":3,"16":2,"17":1,"18":1,"19":14},"f":{"0":3,"1":7},"b":{"0":[3],"1":[1],"2":[1,0]}}
,"D:\\Uni\\Sem5\\backend-daisybrew\\src\\controllers\\admin\\user.controller.ts": {"path":"D:\\Uni\\Sem5\\backend-daisybrew\\src\\controllers\\admin\\user.controller.ts","statementMap":{"0":{"start":{"line":2,"column":0},"end":{"line":2,"column":52}},"1":{"start":{"line":3,"column":0},"end":{"line":3,"column":30}},"2":{"start":{"line":5,"column":0},"end":{"line":5,"column":60}},"3":{"start":{"line":8,"column":26},"end":{"line":52,"column":1}},"4":{"start":{"line":9,"column":2},"end":{"line":51,"column":3}},"5":{"start":{"line":10,"column":48},"end":{"line":10,"column":56}},"6":{"start":{"line":12,"column":4},"end":{"line":14,"column":5}},"7":{"start":{"line":13,"column":6},"end":{"line":13,"column":109}},"8":{"start":{"line":16,"column":25},"end":{"line":16,"column":59}},"9":{"start":{"line":17,"column":4},"end":{"line":19,"column":5}},"10":{"start":{"line":18,"column":6},"end":{"line":18,"column":86}},"11":{"start":{"line":21,"column":27},"end":{"line":21,"column":58}},"12":{"start":{"line":23,"column":20},"end":{"line":29,"column":6}},"13":{"start":{"line":31,"column":4},"end":{"line":33,"column":5}},"14":{"start":{"line":32,"column":6},"end":{"line":32,"column":40}},"15":{"start":{"line":35,"column":4},"end":{"line":35,"column":25}},"16":{"start":{"line":37,"column":4},"end":{"line":47,"column":7}},"17":{"start":{"line":49,"column":4},"end":{"line":49,"column":25}},"18":{"start":{"line":50,"column":4},"end":{"line":50,"column":70}},"19":{"start":{"line":8,"column":13},"end":{"line":8,"column":26}},"20":{"start":{"line":55,"column":27},"end":{"line":96,"column":1}},"21":{"start":{"line":56,"column":2},"end":{"line":95,"column":3}},"22":{"start":{"line":57,"column":52},"end":{"line":57,"column":61}},"23":{"start":{"line":59,"column":23},"end":{"line":59,"column":54}},"24":{"start":{"line":60,"column":24},"end":{"line":60,"column":56}},"25":{"start":{"line":62,"column":23},"end":{"line":62,"column":25}},"26":{"start":{"line":65,"column":4},"end":{"line":67,"column":5}},"27":{"start":{"line":66,"column":6},"end":{"line":66,"column":54}},"28":{"start":{"line":69,"column":23},"end":{"line":69,"column":60}},"29":{"start":{"line":70,"column":23},"end":{"line":70,"column":58}},"30":{"start":{"line":72,"column":18},"end":{"line":76,"column":30}},"31":{"start":{"line":79,"column":4},"end":{"line":81,"column":5}},"32":{"start":{"line":80,"column":6},"end":{"line":80,"column":41}},"33":{"start":{"line":83,"column":4},"end":{"line":91,"column":7}},"34":{"start":{"line":93,"column":4},"end":{"line":93,"column":45}},"35":{"start":{"line":94,"column":4},"end":{"line":94,"column":54}},"36":{"start":{"line":55,"column":13},"end":{"line":55,"column":27}},"37":{"start":{"line":99,"column":27},"end":{"line":109,"column":1}},"38":{"start":{"line":100,"column":2},"end":{"line":108,"column":3}},"39":{"start":{"line":101,"column":17},"end":{"line":101,"column":76}},"40":{"start":{"line":102,"column":4},"end":{"line":104,"column":5}},"41":{"start":{"line":103,"column":6},"end":{"line":103,"column":65}},"42":{"start":{"line":105,"column":4},"end":{"line":105,"column":19}},"43":{"start":{"line":107,"column":4},"end":{"line":107,"column":54}},"44":{"start":{"line":99,"column":13},"end":{"line":99,"column":27}},"45":{"start":{"line":112,"column":29},"end":{"line":123,"column":1}},"46":{"start":{"line":113,"column":2},"end":{"line":122,"column":3}},"47":{"start":{"line":114,"column":19},"end":{"line":114,"column":32}},"48":{"start":{"line":116,"column":19},"end":{"line":116,"column":59}},"49":{"start":{"line":118,"column":4},"end":{"line":118,"column":21}},"50":{"start":{"line":120,"column":4},"end":{"line":120,"column":23}},"51":{"start":{"line":121,"column":4},"end":{"line":121,"column":64}},"52":{"start":{"line":112,"column":13},"end":{"line":112,"column":29}},"53":{"start":{"line":126,"column":26},"end":{"line":161,"column":1}},"54":{"start":{"line":127,"column":2},"end":{"line":160,"column":3}},"55":{"start":{"line":128,"column":48},"end":{"line":128,"column":56}},"56":{"start":{"line":129,"column":17},"end":{"line":129,"column":56}},"57":{"start":{"line":131,"column":4},"end":{"line":133,"column":5}},"58":{"start":{"line":132,"column":6},"end":{"line":132,"column":81}},"59":{"start":{"line":135,"column":4},"end":{"line":135,"column":34}},"60":{"start":{"line":135,"column":15},"end":{"line":135,"column":34}},"61":{"start":{"line":136,"column":4},"end":{"line":136,"column":43}},"62":{"start":{"line":136,"column":18},"end":{"line":136,"column":43}},"63":{"start":{"line":137,"column":4},"end":{"line":137,"column":31}},"64":{"start":{"line":137,"column":14},"end":{"line":137,"column":31}},"65":{"start":{"line":138,"column":4},"end":{"line":140,"column":5}},"66":{"start":{"line":139,"column":6},"end":{"line":139,"column":54}},"67":{"start":{"line":142,"column":4},"end":{"line":144,"column":5}},"68":{"start":{"line":143,"column":6},"end":{"line":143,"column":37}},"69":{"start":{"line":146,"column":4},"end":{"line":146,"column":22}},"70":{"start":{"line":148,"column":4},"end":{"line":157,"column":7}},"71":{"start":{"line":159,"column":4},"end":{"line":159,"column":70}},"72":{"start":{"line":126,"column":13},"end":{"line":126,"column":26}},"73":{"start":{"line":164,"column":26},"end":{"line":174,"column":1}},"74":{"start":{"line":165,"column":2},"end":{"line":173,"column":3}},"75":{"start":{"line":166,"column":17},"end":{"line":166,"column":65}},"76":{"start":{"line":167,"column":4},"end":{"line":169,"column":5}},"77":{"start":{"line":168,"column":6},"end":{"line":168,"column":65}},"78":{"start":{"line":170,"column":4},"end":{"line":170,"column":55}},"79":{"start":{"line":172,"column":4},"end":{"line":172,"column":54}},"80":{"start":{"line":164,"column":13},"end":{"line":164,"column":26}}},"fnMap":{"0":{"name":"(anonymous_1)","decl":{"start":{"line":8,"column":26},"end":{"line":8,"column":31}},"loc":{"start":{"line":8,"column":60},"end":{"line":52,"column":1}}},"1":{"name":"(anonymous_2)","decl":{"start":{"line":55,"column":27},"end":{"line":55,"column":32}},"loc":{"start":{"line":55,"column":61},"end":{"line":96,"column":1}}},"2":{"name":"(anonymous_3)","decl":{"start":{"line":99,"column":27},"end":{"line":99,"column":32}},"loc":{"start":{"line":99,"column":61},"end":{"line":109,"column":1}}},"3":{"name":"(anonymous_4)","decl":{"start":{"line":112,"column":29},"end":{"line":112,"column":34}},"loc":{"start":{"line":112,"column":63},"end":{"line":123,"column":1}}},"4":{"name":"(anonymous_5)","decl":{"start":{"line":126,"column":26},"end":{"line":126,"column":31}},"loc":{"start":{"line":126,"column":60},"end":{"line":161,"column":1}}},"5":{"name":"(anonymous_6)","decl":{"start":{"line":164,"column":26},"end":{"line":164,"column":31}},"loc":{"start":{"line":164,"column":60},"end":{"line":174,"column":1}}}},"branchMap":{"0":{"loc":{"start":{"line":12,"column":4},"end":{"line":14,"column":5}},"type":"if","locations":[{"start":{"line":12,"column":4},"end":{"line":14,"column":5}}]},"1":{"loc":{"start":{"line":12,"column":8},"end":{"line":12,"column":40}},"type":"binary-expr","locations":[{"start":{"line":12,"column":8},"end":{"line":12,"column":17}},{"start":{"line":12,"column":21},"end":{"line":12,"column":27}},{"start":{"line":12,"column":31},"end":{"line":12,"column":40}}]},"2":{"loc":{"start":{"line":17,"column":4},"end":{"line":19,"column":5}},"type":"if","locations":[{"start":{"line":17,"column":4},"end":{"line":19,"column":5}}]},"3":{"loc":{"start":{"line":27,"column":12},"end":{"line":27,"column":26}},"type":"binary-expr","locations":[{"start":{"line":27,"column":12},"end":{"line":27,"column":16}},{"start":{"line":27,"column":20},"end":{"line":27,"column":26}}]},"4":{"loc":{"start":{"line":28,"column":13},"end":{"line":28,"column":53}},"type":"cond-expr","locations":[{"start":{"line":28,"column":24},"end":{"line":28,"column":41}},{"start":{"line":28,"column":44},"end":{"line":28,"column":53}}]},"5":{"loc":{"start":{"line":31,"column":4},"end":{"line":33,"column":5}},"type":"if","locations":[{"start":{"line":31,"column":4},"end":{"line":33,"column":5}}]},"6":{"loc":{"start":{"line":57,"column":10},"end":{"line":57,"column":20}},"type":"default-arg","locations":[{"start":{"line":57,"column":17},"end":{"line":57,"column":20}}]},"7":{"loc":{"start":{"line":57,"column":22},"end":{"line":57,"column":34}},"type":"default-arg","locations":[{"start":{"line":57,"column":30},"end":{"line":57,"column":34}}]},"8":{"loc":{"start":{"line":57,"column":36},"end":{"line":57,"column":47}},"type":"default-arg","locations":[{"start":{"line":57,"column":45},"end":{"line":57,"column":47}}]},"9":{"loc":{"start":{"line":65,"column":4},"end":{"line":67,"column":5}},"type":"if","locations":[{"start":{"line":65,"column":4},"end":{"line":67,"column":5}}]},"10":{"loc":{"start":{"line":79,"column":4},"end":{"line":81,"column":5}},"type":"if","locations":[{"start":{"line":79,"column":4},"end":{"line":81,"column":5}}]},"11":{"loc":{"start":{"line":102,"column":4},"end":{"line":104,"column":5}},"type":"if","locations":[{"start":{"line":102,"column":4},"end":{"line":104,"column":5}}]},"12":{"loc":{"start":{"line":131,"column":4},"end":{"line":133,"column":5}},"type":"if","locations":[{"start":{"line":131,"column":4},"end":{"line":133,"column":5}}]},"13":{"loc":{"start":{"line":135,"column":4},"end":{"line":135,"column":34}},"type":"if","locations":[{"start":{"line":135,"column":4},"end":{"line":135,"column":34}}]},"14":{"loc":{"start":{"line":136,"column":4},"end":{"line":136,"column":43}},"type":"if","locations":[{"start":{"line":136,"column":4},"end":{"line":136,"column":43}}]},"15":{"loc":{"start":{"line":137,"column":4},"end":{"line":137,"column":31}},"type":"if","locations":[{"start":{"line":137,"column":4},"end":{"line":137,"column":31}}]},"16":{"loc":{"start":{"line":138,"column":4},"end":{"line":140,"column":5}},"type":"if","locations":[{"start":{"line":138,"column":4},"end":{"line":140,"column":5}}]},"17":{"loc":{"start":{"line":142,"column":4},"end":{"line":144,"column":5}},"type":"if","locations":[{"start":{"line":142,"column":4},"end":{"line":144,"column":5}}]},"18":{"loc":{"start":{"line":167,"column":4},"end":{"line":169,"column":5}},"type":"if","locations":[{"start":{"line":167,"column":4},"end":{"line":169,"column":5}}]}},"s":{"0":14,"1":14,"2":14,"3":14,"4":7,"5":7,"6":7,"7":1,"8":6,"9":5,"10":2,"11":3,"12":3,"13":3,"14":1,"15":3,"16":3,"17":1,"18":1,"19":14,"20":14,"21":5,"22":5,"23":5,"24":5,"25":5,"26":5,"27":0,"28":5,"29":4,"30":4,"31":4,"32":1,"33":3,"34":1,"35":1,"36":14,"37":14,"38":7,"39":7,"40":6,"41":3,"42":3,"43":1,"44":14,"45":14,"46":3,"47":3,"48":3,"49":2,"50":1,"51":1,"52":14,"53":14,"54":7,"55":7,"56":7,"57":7,"58":3,"59":4,"60":1,"61":4,"62":2,"63":4,"64":1,"65":4,"66":0,"67":4,"68":1,"69":4,"70":3,"71":1,"72":14,"73":14,"74":7,"75":7,"76":6,"77":3,"78":3,"79":1,"80":14},"f":{"0":7,"1":5,"2":7,"3":3,"4":7,"5":7},"b":{"0":[1],"1":[7,6,6],"2":[2],"3":[3,1],"4":[1,2],"5":[1],"6":[4],"7":[4],"8":[4],"9":[0],"10":[1],"11":[3],"12":[3],"13":[1],"14":[2],"15":[1],"16":[0],"17":[1],"18":[3]}}
,"D:\\Uni\\Sem5\\backend-daisybrew\\src\\database\\mongodb.ts": {"path":"D:\\Uni\\Sem5\\backend-daisybrew\\src\\database\\mongodb.ts","statementMap":{"0":{"start":{"line":4,"column":0},"end":{"line":4,"column":7}},"1":{"start":{"line":14,"column":0},"end":{"line":14,"column":7}},"2":{"start":{"line":1,"column":0},"end":{"line":1,"column":32}},"3":{"start":{"line":2,"column":0},"end":{"line":2,"column":40}},"4":{"start":{"line":5,"column":4},"end":{"line":11,"column":5}},"5":{"start":{"line":6,"column":8},"end":{"line":6,"column":44}},"6":{"start":{"line":7,"column":8},"end":{"line":7,"column":44}},"7":{"start":{"line":9,"column":8},"end":{"line":9,"column":48}},"8":{"start":{"line":10,"column":8},"end":{"line":10,"column":24}},"9":{"start":{"line":15,"column":4},"end":{"line":21,"column":5}},"10":{"start":{"line":16,"column":8},"end":{"line":16,"column":54}},"11":{"start":{"line":17,"column":8},"end":{"line":17,"column":44}},"12":{"start":{"line":19,"column":8},"end":{"line":19,"column":48}},"13":{"start":{"line":20,"column":8},"end":{"line":20,"column":24}}},"fnMap":{"0":{"name":"connectDatabase","decl":{"start":{"line":4,"column":22},"end":{"line":4,"column":37}},"loc":{"start":{"line":4,"column":37},"end":{"line":12,"column":1}}},"1":{"name":"connectDatabaseTest","decl":{"start":{"line":14,"column":22},"end":{"line":14,"column":41}},"loc":{"start":{"line":14,"column":41},"end":{"line":22,"column":1}}}},"branchMap":{},"s":{"0":33,"1":33,"2":33,"3":33,"4":0,"5":0,"6":0,"7":0,"8":0,"9":33,"10":33,"11":33,"12":0,"13":0},"f":{"0":0,"1":33},"b":{}}
,"D:\\Uni\\Sem5\\backend-daisybrew\\src\\dtos\\user.dto.ts": {"path":"D:\\Uni\\Sem5\\backend-daisybrew\\src\\dtos\\user.dto.ts","statementMap":{"0":{"start":{"line":1,"column":0},"end":{"line":1,"column":24}},"1":{"start":{"line":3,"column":13},"end":{"line":8,"column":3}},"2":{"start":{"line":10,"column":13},"end":{"line":13,"column":3}}},"fnMap":{},"branchMap":{},"s":{"0":14,"1":14,"2":14},"f":{},"b":{}}
,"D:\\Uni\\Sem5\\backend-daisybrew\\src\\errors\\http-error.ts": {"path":"D:\\Uni\\Sem5\\backend-daisybrew\\src\\errors\\http-error.ts","statementMap":{"0":{"start":{"line":5,"column":4},"end":{"line":5,"column":19}},"1":{"start":{"line":6,"column":4},"end":{"line":6,"column":33}},"2":{"start":{"line":8,"column":4},"end":{"line":8,"column":53}},"3":{"start":{"line":1,"column":0},"end":{"line":1,"column":13}}},"fnMap":{"0":{"name":"(anonymous_0)","decl":{"start":{"line":4,"column":2},"end":{"line":4,"column":14}},"loc":{"start":{"line":4,"column":49},"end":{"line":9,"column":3}}}},"branchMap":{},"s":{"0":12,"1":12,"2":12,"3":16},"f":{"0":12},"b":{}}
,"D:\\Uni\\Sem5\\backend-daisybrew\\src\\middlewares\\admin.middleware.ts": {"path":"D:\\Uni\\Sem5\\backend-daisybrew\\src\\middlewares\\admin.middleware.ts","statementMap":{"0":{"start":{"line":3,"column":23},"end":{"line":17,"column":1}},"1":{"start":{"line":4,"column":2},"end":{"line":16,"column":3}},"2":{"start":{"line":5,"column":4},"end":{"line":7,"column":5}},"3":{"start":{"line":6,"column":6},"end":{"line":6,"column":65}},"4":{"start":{"line":9,"column":4},"end":{"line":11,"column":5}},"5":{"start":{"line":10,"column":6},"end":{"line":10,"column":77}},"6":{"start":{"line":13,"column":4},"end":{"line":13,"column":11}},"7":{"start":{"line":15,"column":4},"end":{"line":15,"column":61}},"8":{"start":{"line":3,"column":13},"end":{"line":3,"column":23}}},"fnMap":{"0":{"name":"(anonymous_0)","decl":{"start":{"line":3,"column":23},"end":{"line":3,"column":24}},"loc":{"start":{"line":3,"column":71},"end":{"line":17,"column":1}}}},"branchMap":{"0":{"loc":{"start":{"line":5,"column":4},"end":{"line":7,"column":5}},"type":"if","locations":[{"start":{"line":5,"column":4},"end":{"line":7,"column":5}}]},"1":{"loc":{"start":{"line":9,"column":4},"end":{"line":11,"column":5}},"type":"if","locations":[{"start":{"line":9,"column":4},"end":{"line":11,"column":5}}]}},"s":{"0":14,"1":10,"2":10,"3":2,"4":8,"5":1,"6":7,"7":0,"8":14},"f":{"0":10},"b":{"0":[2],"1":[1]}}
,"D:\\Uni\\Sem5\\backend-daisybrew\\src\\middlewares\\auth.middleware.ts": {"path":"D:\\Uni\\Sem5\\backend-daisybrew\\src\\middlewares\\auth.middleware.ts","statementMap":{"0":{"start":{"line":2,"column":0},"end":{"line":2,"column":31}},"1":{"start":{"line":3,"column":0},"end":{"line":3,"column":49}},"2":{"start":{"line":5,"column":26},"end":{"line":28,"column":1}},"3":{"start":{"line":6,"column":2},"end":{"line":27,"column":3}},"4":{"start":{"line":7,"column":23},"end":{"line":7,"column":48}},"5":{"start":{"line":9,"column":4},"end":{"line":11,"column":5}},"6":{"start":{"line":10,"column":6},"end":{"line":10,"column":75}},"7":{"start":{"line":13,"column":18},"end":{"line":13,"column":42}},"8":{"start":{"line":15,"column":25},"end":{"line":15,"column":76}},"9":{"start":{"line":17,"column":17},"end":{"line":17,"column":73}},"10":{"start":{"line":19,"column":4},"end":{"line":21,"column":5}},"11":{"start":{"line":20,"column":6},"end":{"line":20,"column":65}},"12":{"start":{"line":23,"column":4},"end":{"line":23,"column":20}},"13":{"start":{"line":24,"column":4},"end":{"line":24,"column":11}},"14":{"start":{"line":26,"column":4},"end":{"line":26,"column":77}},"15":{"start":{"line":5,"column":13},"end":{"line":5,"column":26}},"16":{"start":{"line":30,"column":23},"end":{"line":44,"column":1}},"17":{"start":{"line":31,"column":2},"end":{"line":43,"column":3}},"18":{"start":{"line":32,"column":4},"end":{"line":34,"column":5}},"19":{"start":{"line":33,"column":6},"end":{"line":33,"column":65}},"20":{"start":{"line":36,"column":4},"end":{"line":38,"column":5}},"21":{"start":{"line":37,"column":6},"end":{"line":37,"column":77}},"22":{"start":{"line":40,"column":4},"end":{"line":40,"column":11}},"23":{"start":{"line":42,"column":4},"end":{"line":42,"column":61}},"24":{"start":{"line":30,"column":13},"end":{"line":30,"column":23}}},"fnMap":{"0":{"name":"(anonymous_1)","decl":{"start":{"line":5,"column":26},"end":{"line":5,"column":31}},"loc":{"start":{"line":5,"column":80},"end":{"line":28,"column":1}}},"1":{"name":"(anonymous_2)","decl":{"start":{"line":30,"column":23},"end":{"line":30,"column":24}},"loc":{"start":{"line":30,"column":71},"end":{"line":44,"column":1}}}},"branchMap":{"0":{"loc":{"start":{"line":9,"column":4},"end":{"line":11,"column":5}},"type":"if","locations":[{"start":{"line":9,"column":4},"end":{"line":11,"column":5}}]},"1":{"loc":{"start":{"line":9,"column":8},"end":{"line":9,"column":56}},"type":"binary-expr","locations":[{"start":{"line":9,"column":8},"end":{"line":9,"column":19}},{"start":{"line":9,"column":23},"end":{"line":9,"column":56}}]},"2":{"loc":{"start":{"line":19,"column":4},"end":{"line":21,"column":5}},"type":"if","locations":[{"start":{"line":19,"column":4},"end":{"line":21,"column":5}}]},"3":{"loc":{"start":{"line":32,"column":4},"end":{"line":34,"column":5}},"type":"if","locations":[{"start":{"line":32,"column":4},"end":{"line":34,"column":5}}]},"4":{"loc":{"start":{"line":36,"column":4},"end":{"line":38,"column":5}},"type":"if","locations":[{"start":{"line":36,"column":4},"end":{"line":38,"column":5}}]}},"s":{"0":14,"1":14,"2":14,"3":57,"4":57,"5":57,"6":11,"7":46,"8":46,"9":44,"10":44,"11":1,"12":43,"13":43,"14":2,"15":14,"16":14,"17":39,"18":39,"19":1,"20":38,"21":10,"22":28,"23":0,"24":14},"f":{"0":57,"1":39},"b":{"0":[11],"1":[57,47],"2":[1],"3":[1],"4":[10]}}
,"D:\\Uni\\Sem5\\backend-daisybrew\\src\\middlewares\\authorized.middleware.ts": {"path":"D:\\Uni\\Sem5\\backend-daisybrew\\src\\middlewares\\authorized.middleware.ts","statementMap":{"0":{"start":{"line":2,"column":0},"end":{"line":2,"column":31}},"1":{"start":{"line":3,"column":0},"end":{"line":3,"column":49}},"2":{"start":{"line":10,"column":26},"end":{"line":43,"column":1}},"3":{"start":{"line":11,"column":2},"end":{"line":42,"column":3}},"4":{"start":{"line":13,"column":23},"end":{"line":13,"column":48}},"5":{"start":{"line":15,"column":5},"end":{"line":19,"column":5}},"6":{"start":{"line":16,"column":6},"end":{"line":16,"column":39}},"7":{"start":{"line":17,"column":11},"end":{"line":19,"column":5}},"8":{"start":{"line":18,"column":6},"end":{"line":18,"column":37}},"9":{"start":{"line":21,"column":4},"end":{"line":23,"column":5}},"10":{"start":{"line":22,"column":6},"end":{"line":22,"column":80}},"11":{"start":{"line":26,"column":25},"end":{"line":26,"column":76}},"12":{"start":{"line":29,"column":17},"end":{"line":29,"column":73}},"13":{"start":{"line":31,"column":4},"end":{"line":33,"column":5}},"14":{"start":{"line":32,"column":6},"end":{"line":32,"column":65}},"15":{"start":{"line":36,"column":4},"end":{"line":36,"column":20}},"16":{"start":{"line":38,"column":4},"end":{"line":38,"column":11}},"17":{"start":{"line":40,"column":4},"end":{"line":40,"column":40}},"18":{"start":{"line":41,"column":4},"end":{"line":41,"column":77}},"19":{"start":{"line":10,"column":13},"end":{"line":10,"column":26}},"20":{"start":{"line":46,"column":23},"end":{"line":56,"column":1}},"21":{"start":{"line":47,"column":2},"end":{"line":49,"column":3}},"22":{"start":{"line":48,"column":4},"end":{"line":48,"column":63}},"23":{"start":{"line":51,"column":2},"end":{"line":53,"column":3}},"24":{"start":{"line":52,"column":4},"end":{"line":52,"column":74}},"25":{"start":{"line":55,"column":2},"end":{"line":55,"column":9}},"26":{"start":{"line":46,"column":13},"end":{"line":46,"column":23}}},"fnMap":{"0":{"name":"(anonymous_1)","decl":{"start":{"line":10,"column":26},"end":{"line":10,"column":31}},"loc":{"start":{"line":10,"column":88},"end":{"line":43,"column":1}}},"1":{"name":"(anonymous_2)","decl":{"start":{"line":46,"column":23},"end":{"line":46,"column":24}},"loc":{"start":{"line":46,"column":79},"end":{"line":56,"column":1}}}},"branchMap":{"0":{"loc":{"start":{"line":15,"column":5},"end":{"line":19,"column":5}},"type":"if","locations":[{"start":{"line":15,"column":5},"end":{"line":19,"column":5}},{"start":{"line":17,"column":11},"end":{"line":19,"column":5}}]},"1":{"loc":{"start":{"line":15,"column":9},"end":{"line":15,"column":55}},"type":"binary-expr","locations":[{"start":{"line":15,"column":9},"end":{"line":15,"column":19}},{"start":{"line":15,"column":23},"end":{"line":15,"column":55}}]},"2":{"loc":{"start":{"line":17,"column":11},"end":{"line":19,"column":5}},"type":"if","locations":[{"start":{"line":17,"column":11},"end":{"line":19,"column":5}}]},"3":{"loc":{"start":{"line":21,"column":4},"end":{"line":23,"column":5}},"type":"if","locations":[{"start":{"line":21,"column":4},"end":{"line":23,"column":5}}]},"4":{"loc":{"start":{"line":31,"column":4},"end":{"line":33,"column":5}},"type":"if","locations":[{"start":{"line":31,"column":4},"end":{"line":33,"column":5}}]},"5":{"loc":{"start":{"line":47,"column":2},"end":{"line":49,"column":3}},"type":"if","locations":[{"start":{"line":47,"column":2},"end":{"line":49,"column":3}}]},"6":{"loc":{"start":{"line":51,"column":2},"end":{"line":53,"column":3}},"type":"if","locations":[{"start":{"line":51,"column":2},"end":{"line":53,"column":3}}]}},"s":{"0":14,"1":14,"2":14,"3":5,"4":5,"5":5,"6":3,"7":2,"8":1,"9":5,"10":1,"11":4,"12":3,"13":3,"14":1,"15":2,"16":2,"17":1,"18":1,"19":14,"20":14,"21":3,"22":1,"23":2,"24":1,"25":1,"26":14},"f":{"0":5,"1":3},"b":{"0":[3,2],"1":[5,3],"2":[1],"3":[1],"4":[1],"5":[1],"6":[1]}}
,"D:\\Uni\\Sem5\\backend-daisybrew\\src\\middlewares\\upload.middleware.ts": {"path":"D:\\Uni\\Sem5\\backend-daisybrew\\src\\middlewares\\upload.middleware.ts","statementMap":{"0":{"start":{"line":1,"column":0},"end":{"line":1,"column":28}},"1":{"start":{"line":2,"column":0},"end":{"line":2,"column":36}},"2":{"start":{"line":4,"column":0},"end":{"line":4,"column":24}},"3":{"start":{"line":5,"column":0},"end":{"line":5,"column":49}},"4":{"start":{"line":6,"column":0},"end":{"line":6,"column":20}},"5":{"start":{"line":8,"column":16},"end":{"line":21,"column":2}},"6":{"start":{"line":10,"column":27},"end":{"line":10,"column":65}},"7":{"start":{"line":11,"column":8},"end":{"line":13,"column":9}},"8":{"start":{"line":12,"column":12},"end":{"line":12,"column":58}},"9":{"start":{"line":15,"column":8},"end":{"line":15,"column":57}},"10":{"start":{"line":18,"column":27},"end":{"line":18,"column":35}},"11":{"start":{"line":19,"column":8},"end":{"line":19,"column":55}},"12":{"start":{"line":23,"column":26},"end":{"line":29,"column":1}},"13":{"start":{"line":24,"column":4},"end":{"line":28,"column":5}},"14":{"start":{"line":25,"column":8},"end":{"line":25,"column":23}},"15":{"start":{"line":27,"column":8},"end":{"line":27,"column":83}},"16":{"start":{"line":23,"column":13},"end":{"line":23,"column":26}},"17":{"start":{"line":31,"column":15},"end":{"line":35,"column":2}},"18":{"start":{"line":37,"column":13},"end":{"line":41,"column":2}},"19":{"start":{"line":38,"column":35},"end":{"line":38,"column":59}},"20":{"start":{"line":39,"column":52},"end":{"line":39,"column":85}},"21":{"start":{"line":40,"column":68},"end":{"line":40,"column":94}}},"fnMap":{"0":{"name":"(anonymous_1)","decl":{"start":{"line":9,"column":17},"end":{"line":9,"column":27}},"loc":{"start":{"line":9,"column":40},"end":{"line":16,"column":5}}},"1":{"name":"(anonymous_2)","decl":{"start":{"line":17,"column":14},"end":{"line":17,"column":24}},"loc":{"start":{"line":17,"column":37},"end":{"line":20,"column":5}}},"2":{"name":"(anonymous_3)","decl":{"start":{"line":23,"column":26},"end":{"line":23,"column":27}},"loc":{"start":{"line":23,"column":101},"end":{"line":29,"column":1}}},"3":{"name":"(anonymous_4)","decl":{"start":{"line":38,"column":12},"end":{"line":38,"column":13}},"loc":{"start":{"line":38,"column":35},"end":{"line":38,"column":59}}},"4":{"name":"(anonymous_5)","decl":{"start":{"line":39,"column":11},"end":{"line":39,"column":12}},"loc":{"start":{"line":39,"column":52},"end":{"line":39,"column":85}}},"5":{"name":"(anonymous_6)","decl":{"start":{"line":40,"column":12},"end":{"line":40,"column":13}},"loc":{"start":{"line":40,"column":68},"end":{"line":40,"column":94}}}},"branchMap":{"0":{"loc":{"start":{"line":11,"column":8},"end":{"line":13,"column":9}},"type":"if","locations":[{"start":{"line":11,"column":8},"end":{"line":13,"column":9}}]},"1":{"loc":{"start":{"line":24,"column":4},"end":{"line":28,"column":5}},"type":"if","locations":[{"start":{"line":24,"column":4},"end":{"line":28,"column":5}},{"start":{"line":26,"column":11},"end":{"line":28,"column":5}}]}},"s":{"0":14,"1":14,"2":14,"3":14,"4":14,"5":14,"6":3,"7":3,"8":0,"9":3,"10":3,"11":3,"12":14,"13":7,"14":5,"15":2,"16":14,"17":14,"18":14,"19":52,"20":0,"21":0},"f":{"0":3,"1":3,"2":7,"3":52,"4":0,"5":0},"b":{"0":[0],"1":[5,2]}}
,"D:\\Uni\\Sem5\\backend-daisybrew\\src\\models\\menu.model.ts": {"path":"D:\\Uni\\Sem5\\backend-daisybrew\\src\\models\\menu.model.ts","statementMap":{"0":{"start":{"line":1,"column":0},"end":{"line":1,"column":54}},"1":{"start":{"line":13,"column":27},"end":{"line":21,"column":null}},"2":{"start":{"line":24,"column":0},"end":{"line":24,"column":65}}},"fnMap":{},"branchMap":{},"s":{"0":17,"1":17,"2":17},"f":{},"b":{}}
,"D:\\Uni\\Sem5\\backend-daisybrew\\src\\models\\notification.model.ts": {"path":"D:\\Uni\\Sem5\\backend-daisybrew\\src\\models\\notification.model.ts","statementMap":{"0":{"start":{"line":1,"column":0},"end":{"line":1,"column":32}},"1":{"start":{"line":3,"column":27},"end":{"line":19,"column":null}},"2":{"start":{"line":22,"column":0},"end":{"line":22,"column":66}}},"fnMap":{},"branchMap":{},"s":{"0":21,"1":21,"2":21},"f":{},"b":{}}
,"D:\\Uni\\Sem5\\backend-daisybrew\\src\\models\\order.model.ts": {"path":"D:\\Uni\\Sem5\\backend-daisybrew\\src\\models\\order.model.ts","statementMap":{"0":{"start":{"line":1,"column":0},"end":{"line":1,"column":54}},"1":{"start":{"line":28,"column":20},"end":{"line":79,"column":null}},"2":{"start":{"line":82,"column":13},"end":{"line":82,"column":71}}},"fnMap":{},"branchMap":{},"s":{"0":18,"1":18,"2":18},"f":{},"b":{}}
,"D:\\Uni\\Sem5\\backend-daisybrew\\src\\models\\user.model.ts": {"path":"D:\\Uni\\Sem5\\backend-daisybrew\\src\\models\\user.model.ts","statementMap":{"0":{"start":{"line":1,"column":0},"end":{"line":1,"column":54}},"1":{"start":{"line":13,"column":19},"end":{"line":24,"column":21}},"2":{"start":{"line":26,"column":13},"end":{"line":26,"column":76}}},"fnMap":{},"branchMap":{},"s":{"0":23,"1":23,"2":23},"f":{},"b":{}}
,"D:\\Uni\\Sem5\\backend-daisybrew\\src\\repositories\\menu.repository.ts": {"path":"D:\\Uni\\Sem5\\backend-daisybrew\\src\\repositories\\menu.repository.ts","statementMap":{"0":{"start":{"line":1,"column":0},"end":{"line":1,"column":60}},"1":{"start":{"line":6,"column":4},"end":{"line":6,"column":28}},"2":{"start":{"line":10,"column":4},"end":{"line":10,"column":49}},"3":{"start":{"line":14,"column":4},"end":{"line":14,"column":34}},"4":{"start":{"line":18,"column":4},"end":{"line":18,"column":64}},"5":{"start":{"line":22,"column":4},"end":{"line":22,"column":58}},"6":{"start":{"line":26,"column":4},"end":{"line":26,"column":75}},"7":{"start":{"line":4,"column":0},"end":{"line":4,"column":13}}},"fnMap":{"0":{"name":"(anonymous_1)","decl":{"start":{"line":5,"column":2},"end":{"line":5,"column":8}},"loc":{"start":{"line":5,"column":15},"end":{"line":7,"column":3}}},"1":{"name":"(anonymous_2)","decl":{"start":{"line":9,"column":2},"end":{"line":9,"column":8}},"loc":{"start":{"line":9,"column":24},"end":{"line":11,"column":3}}},"2":{"name":"(anonymous_3)","decl":{"start":{"line":13,"column":2},"end":{"line":13,"column":8}},"loc":{"start":{"line":13,"column":39},"end":{"line":15,"column":3}}},"3":{"name":"(anonymous_4)","decl":{"start":{"line":17,"column":2},"end":{"line":17,"column":8}},"loc":{"start":{"line":17,"column":51},"end":{"line":19,"column":3}}},"4":{"name":"(anonymous_5)","decl":{"start":{"line":21,"column":2},"end":{"line":21,"column":8}},"loc":{"start":{"line":21,"column":26},"end":{"line":23,"column":3}}},"5":{"name":"(anonymous_6)","decl":{"start":{"line":22,"column":48},"end":{"line":22,"column":51}},"loc":{"start":{"line":22,"column":53},"end":{"line":22,"column":56}}},"6":{"name":"(anonymous_7)","decl":{"start":{"line":25,"column":2},"end":{"line":25,"column":8}},"loc":{"start":{"line":25,"column":60},"end":{"line":27,"column":3}}}},"branchMap":{},"s":{"0":17,"1":2,"2":2,"3":2,"4":3,"5":2,"6":2,"7":17},"f":{"0":2,"1":2,"2":2,"3":3,"4":2,"5":2,"6":2},"b":{}}
,"D:\\Uni\\Sem5\\backend-daisybrew\\src\\repositories\\notification.repository.ts": {"path":"D:\\Uni\\Sem5\\backend-daisybrew\\src\\repositories\\notification.repository.ts","statementMap":{"0":{"start":{"line":1,"column":0},"end":{"line":1,"column":61}},"1":{"start":{"line":7,"column":4},"end":{"line":7,"column":76}},"2":{"start":{"line":12,"column":4},"end":{"line":12,"column":94}},"3":{"start":{"line":17,"column":4},"end":{"line":17,"column":77}},"4":{"start":{"line":21,"column":4},"end":{"line":21,"column":95}},"5":{"start":{"line":4,"column":0},"end":{"line":4,"column":13}}},"fnMap":{"0":{"name":"(anonymous_1)","decl":{"start":{"line":6,"column":2},"end":{"line":6,"column":8}},"loc":{"start":{"line":6,"column":44},"end":{"line":8,"column":3}}},"1":{"name":"(anonymous_2)","decl":{"start":{"line":11,"column":2},"end":{"line":11,"column":8}},"loc":{"start":{"line":11,"column":42},"end":{"line":13,"column":3}}},"2":{"name":"(anonymous_3)","decl":{"start":{"line":16,"column":2},"end":{"line":16,"column":8}},"loc":{"start":{"line":16,"column":59},"end":{"line":18,"column":3}}},"3":{"name":"(anonymous_4)","decl":{"start":{"line":20,"column":2},"end":{"line":20,"column":8}},"loc":{"start":{"line":20,"column":23},"end":{"line":22,"column":3}}}},"branchMap":{},"s":{"0":17,"1":2,"2":1,"3":1,"4":2,"5":17},"f":{"0":2,"1":1,"2":1,"3":2},"b":{}}
,"D:\\Uni\\Sem5\\backend-daisybrew\\src\\repositories\\order.repository.ts": {"path":"D:\\Uni\\Sem5\\backend-daisybrew\\src\\repositories\\order.repository.ts","statementMap":{"0":{"start":{"line":1,"column":0},"end":{"line":1,"column":51}},"1":{"start":{"line":7,"column":18},"end":{"line":17,"column":6}},"2":{"start":{"line":19,"column":4},"end":{"line":19,"column":30}},"3":{"start":{"line":24,"column":4},"end":{"line":24,"column":69}},"4":{"start":{"line":29,"column":4},"end":{"line":31,"column":31}},"5":{"start":{"line":36,"column":4},"end":{"line":36,"column":57}},"6":{"start":{"line":41,"column":18},"end":{"line":41,"column":52}},"7":{"start":{"line":42,"column":4},"end":{"line":42,"column":51}},"8":{"start":{"line":42,"column":16},"end":{"line":42,"column":51}},"9":{"start":{"line":44,"column":4},"end":{"line":44,"column":26}},"10":{"start":{"line":45,"column":4},"end":{"line":45,"column":24}},"11":{"start":{"line":4,"column":0},"end":{"line":4,"column":13}}},"fnMap":{"0":{"name":"(anonymous_0)","decl":{"start":{"line":6,"column":2},"end":{"line":6,"column":8}},"loc":{"start":{"line":6,"column":58},"end":{"line":20,"column":3}}},"1":{"name":"(anonymous_1)","decl":{"start":{"line":23,"column":2},"end":{"line":23,"column":8}},"loc":{"start":{"line":23,"column":37},"end":{"line":25,"column":3}}},"2":{"name":"(anonymous_2)","decl":{"start":{"line":28,"column":2},"end":{"line":28,"column":8}},"loc":{"start":{"line":28,"column":21},"end":{"line":32,"column":3}}},"3":{"name":"(anonymous_3)","decl":{"start":{"line":35,"column":2},"end":{"line":35,"column":8}},"loc":{"start":{"line":35,"column":33},"end":{"line":37,"column":3}}},"4":{"name":"(anonymous_4)","decl":{"start":{"line":40,"column":2},"end":{"line":40,"column":8}},"loc":{"start":{"line":40,"column":83},"end":{"line":46,"column":3}}}},"branchMap":{"0":{"loc":{"start":{"line":13,"column":21},"end":{"line":13,"column":77}},"type":"cond-expr","locations":[{"start":{"line":13,"column":42},"end":{"line":13,"column":70}},{"start":{"line":13,"column":73},"end":{"line":13,"column":77}}]},"1":{"loc":{"start":{"line":42,"column":4},"end":{"line":42,"column":51}},"type":"if","locations":[{"start":{"line":42,"column":4},"end":{"line":42,"column":51}}]}},"s":{"0":18,"1":10,"2":10,"3":4,"4":2,"5":5,"6":3,"7":3,"8":1,"9":2,"10":2,"11":18},"f":{"0":10,"1":4,"2":2,"3":5,"4":3},"b":{"0":[9,1],"1":[1]}}
,"D:\\Uni\\Sem5\\backend-daisybrew\\src\\repositories\\user.repository.ts": {"path":"D:\\Uni\\Sem5\\backend-daisybrew\\src\\repositories\\user.repository.ts","statementMap":{"0":{"start":{"line":1,"column":0},"end":{"line":1,"column":56}},"1":{"start":{"line":5,"column":2},"end":{"line":5,"column":32}},"2":{"start":{"line":9,"column":4},"end":{"line":9,"column":34}},"3":{"start":{"line":13,"column":4},"end":{"line":13,"column":60}},"4":{"start":{"line":17,"column":2},"end":{"line":20,"column":67}},"5":{"start":{"line":3,"column":0},"end":{"line":3,"column":13}}},"fnMap":{"0":{"name":"(anonymous_0)","decl":{"start":{"line":4,"column":2},"end":{"line":4,"column":7}},"loc":{"start":{"line":4,"column":30},"end":{"line":6,"column":1}}},"1":{"name":"(anonymous_1)","decl":{"start":{"line":8,"column":2},"end":{"line":8,"column":7}},"loc":{"start":{"line":8,"column":39},"end":{"line":10,"column":3}}},"2":{"name":"(anonymous_2)","decl":{"start":{"line":12,"column":2},"end":{"line":12,"column":7}},"loc":{"start":{"line":12,"column":37},"end":{"line":14,"column":3}}},"3":{"name":"(anonymous_3)","decl":{"start":{"line":16,"column":2},"end":{"line":16,"column":7}},"loc":{"start":{"line":16,"column":46},"end":{"line":21,"column":1}}}},"branchMap":{},"s":{"0":15,"1":2,"2":3,"3":19,"4":7,"5":15},"f":{"0":2,"1":3,"2":19,"3":7},"b":{}}
,"D:\\Uni\\Sem5\\backend-daisybrew\\src\\routes\\auth.route.ts": {"path":"D:\\Uni\\Sem5\\backend-daisybrew\\src\\routes\\auth.route.ts","statementMap":{"0":{"start":{"line":1,"column":0},"end":{"line":1,"column":33}},"1":{"start":{"line":2,"column":0},"end":{"line":2,"column":64}},"2":{"start":{"line":4,"column":15},"end":{"line":4,"column":23}},"3":{"start":{"line":5,"column":23},"end":{"line":5,"column":43}},"4":{"start":{"line":7,"column":0},"end":{"line":7,"column":74}},"5":{"start":{"line":7,"column":39},"end":{"line":7,"column":72}},"6":{"start":{"line":9,"column":0},"end":{"line":9,"column":68}},"7":{"start":{"line":9,"column":36},"end":{"line":9,"column":66}},"8":{"start":{"line":11,"column":0},"end":{"line":11,"column":87}},"9":{"start":{"line":11,"column":46},"end":{"line":11,"column":85}},"10":{"start":{"line":13,"column":0},"end":{"line":13,"column":85}},"11":{"start":{"line":13,"column":45},"end":{"line":13,"column":83}},"12":{"start":{"line":15,"column":0},"end":{"line":15,"column":22}}},"fnMap":{"0":{"name":"(anonymous_0)","decl":{"start":{"line":7,"column":25},"end":{"line":7,"column":26}},"loc":{"start":{"line":7,"column":39},"end":{"line":7,"column":72}}},"1":{"name":"(anonymous_1)","decl":{"start":{"line":9,"column":22},"end":{"line":9,"column":23}},"loc":{"start":{"line":9,"column":36},"end":{"line":9,"column":66}}},"2":{"name":"(anonymous_2)","decl":{"start":{"line":11,"column":32},"end":{"line":11,"column":33}},"loc":{"start":{"line":11,"column":46},"end":{"line":11,"column":85}}},"3":{"name":"(anonymous_3)","decl":{"start":{"line":13,"column":31},"end":{"line":13,"column":32}},"loc":{"start":{"line":13,"column":45},"end":{"line":13,"column":83}}}},"branchMap":{},"s":{"0":13,"1":13,"2":13,"3":13,"4":13,"5":4,"6":13,"7":9,"8":13,"9":4,"10":13,"11":6,"12":13},"f":{"0":4,"1":9,"2":4,"3":6},"b":{}}
,"D:\\Uni\\Sem5\\backend-daisybrew\\src\\routes\\menu.route.ts": {"path":"D:\\Uni\\Sem5\\backend-daisybrew\\src\\routes\\menu.route.ts","statementMap":{"0":{"start":{"line":1,"column":0},"end":{"line":1,"column":30}},"1":{"start":{"line":2,"column":0},"end":{"line":2,"column":65}},"2":{"start":{"line":4,"column":15},"end":{"line":4,"column":31}},"3":{"start":{"line":7,"column":0},"end":{"line":7,"column":33}},"4":{"start":{"line":9,"column":0},"end":{"line":9,"column":22}}},"fnMap":{},"branchMap":{},"s":{"0":13,"1":13,"2":13,"3":13,"4":13},"f":{},"b":{}}
,"D:\\Uni\\Sem5\\backend-daisybrew\\src\\routes\\notification.route.ts": {"path":"D:\\Uni\\Sem5\\backend-daisybrew\\src\\routes\\notification.route.ts","statementMap":{"0":{"start":{"line":1,"column":0},"end":{"line":1,"column":30}},"1":{"start":{"line":2,"column":0},"end":{"line":2,"column":61}},"2":{"start":{"line":3,"column":0},"end":{"line":3,"column":66}},"3":{"start":{"line":5,"column":15},"end":{"line":5,"column":31}},"4":{"start":{"line":8,"column":0},"end":{"line":19,"column":3}},"5":{"start":{"line":9,"column":2},"end":{"line":17,"column":3}},"6":{"start":{"line":10,"column":26},"end":{"line":12,"column":30}},"7":{"start":{"line":14,"column":4},"end":{"line":14,"column":28}},"8":{"start":{"line":16,"column":4},"end":{"line":16,"column":71}},"9":{"start":{"line":18,"column":2},"end":{"line":18,"column":59}},"10":{"start":{"line":22,"column":0},"end":{"line":32,"column":3}},"11":{"start":{"line":23,"column":2},"end":{"line":31,"column":3}},"12":{"start":{"line":24,"column":4},"end":{"line":26,"column":7}},"13":{"start":{"line":28,"column":4},"end":{"line":28,"column":57}},"14":{"start":{"line":30,"column":4},"end":{"line":30,"column":71}},"15":{"start":{"line":34,"column":0},"end":{"line":45,"column":3}},"16":{"start":{"line":35,"column":2},"end":{"line":44,"column":3}},"17":{"start":{"line":36,"column":24},"end":{"line":36,"column":32}},"18":{"start":{"line":37,"column":21},"end":{"line":40,"column":6}},"19":{"start":{"line":41,"column":4},"end":{"line":41,"column":35}},"20":{"start":{"line":43,"column":4},"end":{"line":43,"column":71}},"21":{"start":{"line":47,"column":0},"end":{"line":47,"column":22}}},"fnMap":{"0":{"name":"(anonymous_1)","decl":{"start":{"line":8,"column":28},"end":{"line":8,"column":33}},"loc":{"start":{"line":8,"column":52},"end":{"line":19,"column":1}}},"1":{"name":"(anonymous_2)","decl":{"start":{"line":22,"column":38},"end":{"line":22,"column":43}},"loc":{"start":{"line":22,"column":62},"end":{"line":32,"column":1}}},"2":{"name":"(anonymous_3)","decl":{"start":{"line":34,"column":29},"end":{"line":34,"column":34}},"loc":{"start":{"line":34,"column":53},"end":{"line":45,"column":1}}}},"branchMap":{},"s":{"0":13,"1":13,"2":13,"3":13,"4":13,"5":2,"6":2,"7":1,"8":1,"9":2,"10":13,"11":2,"12":2,"13":1,"14":1,"15":13,"16":2,"17":2,"18":2,"19":1,"20":1,"21":13},"f":{"0":2,"1":2,"2":2},"b":{}}
,"D:\\Uni\\Sem5\\backend-daisybrew\\src\\routes\\order.route.ts": {"path":"D:\\Uni\\Sem5\\backend-daisybrew\\src\\routes\\order.route.ts","statementMap":{"0":{"start":{"line":1,"column":0},"end":{"line":1,"column":30}},"1":{"start":{"line":2,"column":0},"end":{"line":2,"column":60}},"2":{"start":{"line":3,"column":0},"end":{"line":3,"column":77}},"3":{"start":{"line":5,"column":15},"end":{"line":5,"column":31}},"4":{"start":{"line":8,"column":0},"end":{"line":8,"column":23}},"5":{"start":{"line":10,"column":0},"end":{"line":10,"column":30}},"6":{"start":{"line":11,"column":0},"end":{"line":11,"column":31}},"7":{"start":{"line":13,"column":0},"end":{"line":13,"column":22}}},"fnMap":{},"branchMap":{},"s":{"0":13,"1":13,"2":13,"3":13,"4":13,"5":13,"6":13,"7":13},"f":{},"b":{}}
,"D:\\Uni\\Sem5\\backend-daisybrew\\src\\routes\\user.route.ts": {"path":"D:\\Uni\\Sem5\\backend-daisybrew\\src\\routes\\user.route.ts","statementMap":{"0":{"start":{"line":1,"column":0},"end":{"line":1,"column":33}},"1":{"start":{"line":2,"column":0},"end":{"line":2,"column":60}},"2":{"start":{"line":3,"column":0},"end":{"line":3,"column":49}},"3":{"start":{"line":4,"column":0},"end":{"line":4,"column":30}},"4":{"start":{"line":6,"column":15},"end":{"line":6,"column":23}},"5":{"start":{"line":9,"column":0},"end":{"line":13,"column":3}},"6":{"start":{"line":10,"column":2},"end":{"line":12,"column":5}},"7":{"start":{"line":16,"column":0},"end":{"line":35,"column":3}},"8":{"start":{"line":17,"column":2},"end":{"line":34,"column":3}},"9":{"start":{"line":18,"column":19},"end":{"line":18,"column":31}},"10":{"start":{"line":20,"column":50},"end":{"line":20,"column":58}},"11":{"start":{"line":22,"column":24},"end":{"line":25,"column":null}},"12":{"start":{"line":28,"column":4},"end":{"line":31,"column":7}},"13":{"start":{"line":33,"column":4},"end":{"line":33,"column":54}},"14":{"start":{"line":38,"column":0},"end":{"line":59,"column":3}},"15":{"start":{"line":39,"column":2},"end":{"line":58,"column":3}},"16":{"start":{"line":40,"column":19},"end":{"line":40,"column":31}},"17":{"start":{"line":41,"column":45},"end":{"line":41,"column":53}},"18":{"start":{"line":43,"column":17},"end":{"line":43,"column":69}},"19":{"start":{"line":44,"column":4},"end":{"line":44,"column":74}},"20":{"start":{"line":44,"column":15},"end":{"line":44,"column":74}},"21":{"start":{"line":46,"column":20},"end":{"line":46,"column":72}},"22":{"start":{"line":47,"column":4},"end":{"line":48,"column":77}},"23":{"start":{"line":48,"column":6},"end":{"line":48,"column":77}},"24":{"start":{"line":50,"column":27},"end":{"line":50,"column":61}},"25":{"start":{"line":52,"column":4},"end":{"line":52,"column":35}},"26":{"start":{"line":53,"column":4},"end":{"line":53,"column":22}},"27":{"start":{"line":55,"column":4},"end":{"line":55,"column":71}},"28":{"start":{"line":57,"column":4},"end":{"line":57,"column":54}},"29":{"start":{"line":61,"column":0},"end":{"line":61,"column":22}}},"fnMap":{"0":{"name":"(anonymous_1)","decl":{"start":{"line":9,"column":30},"end":{"line":9,"column":31}},"loc":{"start":{"line":9,"column":48},"end":{"line":13,"column":1}}},"1":{"name":"(anonymous_2)","decl":{"start":{"line":16,"column":34},"end":{"line":16,"column":39}},"loc":{"start":{"line":16,"column":58},"end":{"line":35,"column":1}}},"2":{"name":"(anonymous_3)","decl":{"start":{"line":38,"column":43},"end":{"line":38,"column":48}},"loc":{"start":{"line":38,"column":67},"end":{"line":59,"column":1}}}},"branchMap":{"0":{"loc":{"start":{"line":44,"column":4},"end":{"line":44,"column":74}},"type":"if","locations":[{"start":{"line":44,"column":4},"end":{"line":44,"column":74}}]},"1":{"loc":{"start":{"line":47,"column":4},"end":{"line":48,"column":77}},"type":"if","locations":[{"start":{"line":47,"column":4},"end":{"line":48,"column":77}}]}},"s":{"0":13,"1":13,"2":13,"3":13,"4":13,"5":13,"6":1,"7":13,"8":2,"9":2,"10":2,"11":2,"12":1,"13":1,"14":13,"15":3,"16":3,"17":3,"18":3,"19":3,"20":1,"21":2,"22":2,"23":1,"24":1,"25":1,"26":1,"27":1,"28":0,"29":13},"f":{"0":1,"1":2,"2":3},"b":{"0":[1],"1":[1]}}
,"D:\\Uni\\Sem5\\backend-daisybrew\\src\\routes\\admin\\menu.route.ts": {"path":"D:\\Uni\\Sem5\\backend-daisybrew\\src\\routes\\admin\\menu.route.ts","statementMap":{"0":{"start":{"line":1,"column":0},"end":{"line":1,"column":30}},"1":{"start":{"line":2,"column":0},"end":{"line":2,"column":null}},"2":{"start":{"line":9,"column":0},"end":{"line":9,"column":72}},"3":{"start":{"line":10,"column":0},"end":{"line":10,"column":62}},"4":{"start":{"line":12,"column":15},"end":{"line":12,"column":31}},"5":{"start":{"line":15,"column":0},"end":{"line":15,"column":32}},"6":{"start":{"line":18,"column":0},"end":{"line":18,"column":28}},"7":{"start":{"line":21,"column":0},"end":{"line":21,"column":58}},"8":{"start":{"line":24,"column":0},"end":{"line":24,"column":60}},"9":{"start":{"line":27,"column":0},"end":{"line":27,"column":38}},"10":{"start":{"line":30,"column":0},"end":{"line":30,"column":54}},"11":{"start":{"line":32,"column":0},"end":{"line":32,"column":22}}},"fnMap":{},"branchMap":{},"s":{"0":13,"1":13,"2":13,"3":13,"4":13,"5":13,"6":13,"7":13,"8":13,"9":13,"10":13,"11":13},"f":{},"b":{}}
,"D:\\Uni\\Sem5\\backend-daisybrew\\src\\routes\\admin\\notification.route.ts": {"path":"D:\\Uni\\Sem5\\backend-daisybrew\\src\\routes\\admin\\notification.route.ts","statementMap":{"0":{"start":{"line":1,"column":0},"end":{"line":1,"column":30}},"1":{"start":{"line":2,"column":0},"end":{"line":2,"column":72}},"2":{"start":{"line":3,"column":0},"end":{"line":3,"column":86}},"3":{"start":{"line":5,"column":15},"end":{"line":5,"column":31}},"4":{"start":{"line":7,"column":0},"end":{"line":7,"column":32}},"5":{"start":{"line":9,"column":0},"end":{"line":9,"column":37}},"6":{"start":{"line":11,"column":0},"end":{"line":11,"column":22}}},"fnMap":{},"branchMap":{},"s":{"0":13,"1":13,"2":13,"3":13,"4":13,"5":13,"6":13},"f":{},"b":{}}
,"D:\\Uni\\Sem5\\backend-daisybrew\\src\\routes\\admin\\order.route.ts": {"path":"D:\\Uni\\Sem5\\backend-daisybrew\\src\\routes\\admin\\order.route.ts","statementMap":{"0":{"start":{"line":1,"column":0},"end":{"line":1,"column":30}},"1":{"start":{"line":2,"column":0},"end":{"line":2,"column":72}},"2":{"start":{"line":3,"column":0},"end":{"line":3,"column":91}},"3":{"start":{"line":5,"column":15},"end":{"line":5,"column":31}},"4":{"start":{"line":7,"column":0},"end":{"line":7,"column":32}},"5":{"start":{"line":9,"column":0},"end":{"line":9,"column":30}},"6":{"start":{"line":10,"column":0},"end":{"line":10,"column":45}},"7":{"start":{"line":12,"column":0},"end":{"line":12,"column":22}}},"fnMap":{},"branchMap":{},"s":{"0":13,"1":13,"2":13,"3":13,"4":13,"5":13,"6":13,"7":13},"f":{},"b":{}}
,"D:\\Uni\\Sem5\\backend-daisybrew\\src\\routes\\admin\\reports.route.ts": {"path":"D:\\Uni\\Sem5\\backend-daisybrew\\src\\routes\\admin\\reports.route.ts","statementMap":{"0":{"start":{"line":2,"column":0},"end":{"line":2,"column":30}},"1":{"start":{"line":3,"column":0},"end":{"line":3,"column":63}},"2":{"start":{"line":4,"column":0},"end":{"line":4,"column":61}},"3":{"start":{"line":5,"column":0},"end":{"line":5,"column":54}},"4":{"start":{"line":7,"column":15},"end":{"line":7,"column":31}},"5":{"start":{"line":10,"column":0},"end":{"line":27,"column":3}},"6":{"start":{"line":11,"column":2},"end":{"line":26,"column":3}},"7":{"start":{"line":12,"column":19},"end":{"line":21,"column":6}},"8":{"start":{"line":22,"column":4},"end":{"line":22,"column":21}},"9":{"start":{"line":24,"column":4},"end":{"line":24,"column":23}},"10":{"start":{"line":25,"column":4},"end":{"line":25,"column":74}},"11":{"start":{"line":30,"column":0},"end":{"line":43,"column":3}},"12":{"start":{"line":31,"column":2},"end":{"line":42,"column":3}},"13":{"start":{"line":32,"column":19},"end":{"line":37,"column":6}},"14":{"start":{"line":38,"column":4},"end":{"line":38,"column":21}},"15":{"start":{"line":40,"column":4},"end":{"line":40,"column":23}},"16":{"start":{"line":41,"column":4},"end":{"line":41,"column":68}},"17":{"start":{"line":46,"column":0},"end":{"line":64,"column":3}},"18":{"start":{"line":47,"column":2},"end":{"line":63,"column":3}},"19":{"start":{"line":48,"column":17},"end":{"line":58,"column":6}},"20":{"start":{"line":59,"column":4},"end":{"line":59,"column":28}},"21":{"start":{"line":61,"column":4},"end":{"line":61,"column":23}},"22":{"start":{"line":62,"column":4},"end":{"line":62,"column":70}},"23":{"start":{"line":66,"column":0},"end":{"line":66,"column":22}}},"fnMap":{"0":{"name":"(anonymous_1)","decl":{"start":{"line":10,"column":53},"end":{"line":10,"column":58}},"loc":{"start":{"line":10,"column":72},"end":{"line":27,"column":1}}},"1":{"name":"(anonymous_2)","decl":{"start":{"line":30,"column":47},"end":{"line":30,"column":52}},"loc":{"start":{"line":30,"column":66},"end":{"line":43,"column":1}}},"2":{"name":"(anonymous_3)","decl":{"start":{"line":46,"column":44},"end":{"line":46,"column":49}},"loc":{"start":{"line":46,"column":63},"end":{"line":64,"column":1}}}},"branchMap":{"0":{"loc":{"start":{"line":59,"column":13},"end":{"line":59,"column":26}},"type":"binary-expr","locations":[{"start":{"line":59,"column":13},"end":{"line":59,"column":20}},{"start":{"line":59,"column":24},"end":{"line":59,"column":26}}]}},"s":{"0":13,"1":13,"2":13,"3":13,"4":13,"5":13,"6":2,"7":2,"8":1,"9":1,"10":1,"11":13,"12":2,"13":2,"14":1,"15":1,"16":1,"17":13,"18":2,"19":2,"20":1,"21":1,"22":1,"23":13},"f":{"0":2,"1":2,"2":2},"b":{"0":[1,0]}}
,"D:\\Uni\\Sem5\\backend-daisybrew\\src\\routes\\admin\\user.route.ts": {"path":"D:\\Uni\\Sem5\\backend-daisybrew\\src\\routes\\admin\\user.route.ts","statementMap":{"0":{"start":{"line":1,"column":0},"end":{"line":1,"column":30}},"1":{"start":{"line":2,"column":0},"end":{"line":2,"column":62}},"2":{"start":{"line":3,"column":0},"end":{"line":3,"column":134}},"3":{"start":{"line":4,"column":0},"end":{"line":4,"column":72}},"4":{"start":{"line":6,"column":15},"end":{"line":6,"column":31}},"5":{"start":{"line":9,"column":0},"end":{"line":9,"column":75}},"6":{"start":{"line":12,"column":0},"end":{"line":12,"column":50}},"7":{"start":{"line":15,"column":0},"end":{"line":15,"column":53}},"8":{"start":{"line":17,"column":0},"end":{"line":17,"column":62}},"9":{"start":{"line":20,"column":0},"end":{"line":20,"column":77}},"10":{"start":{"line":23,"column":0},"end":{"line":23,"column":55}},"11":{"start":{"line":25,"column":0},"end":{"line":25,"column":22}}},"fnMap":{},"branchMap":{},"s":{"0":13,"1":13,"2":13,"3":13,"4":13,"5":13,"6":13,"7":13,"8":13,"9":13,"10":13,"11":13},"f":{},"b":{}}
,"D:\\Uni\\Sem5\\backend-daisybrew\\src\\services\\menu.service.ts": {"path":"D:\\Uni\\Sem5\\backend-daisybrew\\src\\services\\menu.service.ts","statementMap":{"0":{"start":{"line":1,"column":0},"end":{"line":1,"column":65}},"1":{"start":{"line":7,"column":4},"end":{"line":7,"column":35}},"2":{"start":{"line":11,"column":4},"end":{"line":11,"column":44}},"3":{"start":{"line":15,"column":4},"end":{"line":15,"column":39}},"4":{"start":{"line":19,"column":4},"end":{"line":19,"column":43}},"5":{"start":{"line":23,"column":4},"end":{"line":23,"column":37}},"6":{"start":{"line":27,"column":4},"end":{"line":27,"column":62}},"7":{"start":{"line":5,"column":0},"end":{"line":5,"column":13}}},"fnMap":{"0":{"name":"(anonymous_0)","decl":{"start":{"line":6,"column":2},"end":{"line":6,"column":8}},"loc":{"start":{"line":6,"column":19},"end":{"line":8,"column":3}}},"1":{"name":"(anonymous_1)","decl":{"start":{"line":10,"column":2},"end":{"line":10,"column":8}},"loc":{"start":{"line":10,"column":24},"end":{"line":12,"column":3}}},"2":{"name":"(anonymous_2)","decl":{"start":{"line":14,"column":2},"end":{"line":14,"column":8}},"loc":{"start":{"line":14,"column":47},"end":{"line":16,"column":3}}},"3":{"name":"(anonymous_3)","decl":{"start":{"line":18,"column":2},"end":{"line":18,"column":8}},"loc":{"start":{"line":18,"column":59},"end":{"line":20,"column":3}}},"4":{"name":"(anonymous_4)","decl":{"start":{"line":22,"column":2},"end":{"line":22,"column":8}},"loc":{"start":{"line":22,"column":34},"end":{"line":24,"column":3}}},"5":{"name":"(anonymous_5)","decl":{"start":{"line":26,"column":2},"end":{"line":26,"column":8}},"loc":{"start":{"line":26,"column":60},"end":{"line":28,"column":3}}}},"branchMap":{},"s":{"0":16,"1":2,"2":2,"3":2,"4":2,"5":2,"6":2,"7":16},"f":{"0":2,"1":2,"2":2,"3":2,"4":2,"5":2},"b":{}}
,"D:\\Uni\\Sem5\\backend-daisybrew\\src\\services\\notification.service.ts": {"path":"D:\\Uni\\Sem5\\backend-daisybrew\\src\\services\\notification.service.ts","statementMap":{"0":{"start":{"line":1,"column":0},"end":{"line":1,"column":81}},"1":{"start":{"line":6,"column":4},"end":{"line":6,"column":63}},"2":{"start":{"line":10,"column":4},"end":{"line":10,"column":61}},"3":{"start":{"line":14,"column":4},"end":{"line":14,"column":55}},"4":{"start":{"line":4,"column":0},"end":{"line":4,"column":13}}},"fnMap":{"0":{"name":"(anonymous_0)","decl":{"start":{"line":5,"column":2},"end":{"line":5,"column":8}},"loc":{"start":{"line":5,"column":44},"end":{"line":7,"column":3}}},"1":{"name":"(anonymous_1)","decl":{"start":{"line":9,"column":2},"end":{"line":9,"column":8}},"loc":{"start":{"line":9,"column":42},"end":{"line":11,"column":3}}},"2":{"name":"(anonymous_2)","decl":{"start":{"line":13,"column":2},"end":{"line":13,"column":8}},"loc":{"start":{"line":13,"column":71},"end":{"line":15,"column":3}}}},"branchMap":{},"s":{"0":2,"1":1,"2":1,"3":1,"4":2},"f":{"0":1,"1":1,"2":1},"b":{}}
,"D:\\Uni\\Sem5\\backend-daisybrew\\src\\services\\order.service.ts": {"path":"D:\\Uni\\Sem5\\backend-daisybrew\\src\\services\\order.service.ts","statementMap":{"0":{"start":{"line":1,"column":0},"end":{"line":1,"column":67}},"1":{"start":{"line":2,"column":0},"end":{"line":2,"column":61}},"2":{"start":{"line":3,"column":0},"end":{"line":3,"column":49}},"3":{"start":{"line":10,"column":18},"end":{"line":10,"column":60}},"4":{"start":{"line":11,"column":20},"end":{"line":11,"column":50}},"5":{"start":{"line":12,"column":17},"end":{"line":12,"column":74}},"6":{"start":{"line":15,"column":4},"end":{"line":18,"column":7}},"7":{"start":{"line":21,"column":19},"end":{"line":21,"column":58}},"8":{"start":{"line":22,"column":4},"end":{"line":27,"column":5}},"9":{"start":{"line":23,"column":6},"end":{"line":26,"column":9}},"10":{"start":{"line":29,"column":4},"end":{"line":29,"column":17}},"11":{"start":{"line":34,"column":4},"end":{"line":34,"column":49}},"12":{"start":{"line":39,"column":4},"end":{"line":39,"column":42}},"13":{"start":{"line":44,"column":18},"end":{"line":44,"column":57}},"14":{"start":{"line":45,"column":4},"end":{"line":45,"column":51}},"15":{"start":{"line":45,"column":16},"end":{"line":45,"column":51}},"16":{"start":{"line":46,"column":4},"end":{"line":46,"column":89}},"17":{"start":{"line":46,"column":38},"end":{"line":46,"column":89}},"18":{"start":{"line":49,"column":4},"end":{"line":49,"column":61}},"19":{"start":{"line":50,"column":20},"end":{"line":50,"column":50}},"20":{"start":{"line":53,"column":4},"end":{"line":58,"column":5}},"21":{"start":{"line":54,"column":6},"end":{"line":57,"column":9}},"22":{"start":{"line":61,"column":19},"end":{"line":61,"column":58}},"23":{"start":{"line":62,"column":4},"end":{"line":67,"column":5}},"24":{"start":{"line":63,"column":6},"end":{"line":66,"column":9}},"25":{"start":{"line":69,"column":4},"end":{"line":69,"column":31}},"26":{"start":{"line":70,"column":4},"end":{"line":70,"column":17}},"27":{"start":{"line":6,"column":0},"end":{"line":6,"column":13}}},"fnMap":{"0":{"name":"(anonymous_1)","decl":{"start":{"line":8,"column":2},"end":{"line":8,"column":8}},"loc":{"start":{"line":8,"column":63},"end":{"line":30,"column":3}}},"1":{"name":"(anonymous_2)","decl":{"start":{"line":33,"column":2},"end":{"line":33,"column":8}},"loc":{"start":{"line":33,"column":37},"end":{"line":35,"column":3}}},"2":{"name":"(anonymous_3)","decl":{"start":{"line":38,"column":2},"end":{"line":38,"column":8}},"loc":{"start":{"line":38,"column":21},"end":{"line":40,"column":3}}},"3":{"name":"(anonymous_4)","decl":{"start":{"line":43,"column":2},"end":{"line":43,"column":8}},"loc":{"start":{"line":43,"column":76},"end":{"line":71,"column":3}}}},"branchMap":{"0":{"loc":{"start":{"line":25,"column":52},"end":{"line":25,"column":93}},"type":"binary-expr","locations":[{"start":{"line":25,"column":52},"end":{"line":25,"column":66}},{"start":{"line":25,"column":70},"end":{"line":25,"column":81}},{"start":{"line":25,"column":85},"end":{"line":25,"column":93}}]},"1":{"loc":{"start":{"line":45,"column":4},"end":{"line":45,"column":51}},"type":"if","locations":[{"start":{"line":45,"column":4},"end":{"line":45,"column":51}}]},"2":{"loc":{"start":{"line":46,"column":4},"end":{"line":46,"column":89}},"type":"if","locations":[{"start":{"line":46,"column":4},"end":{"line":46,"column":89}}]},"3":{"loc":{"start":{"line":53,"column":4},"end":{"line":58,"column":5}},"type":"if","locations":[{"start":{"line":53,"column":4},"end":{"line":58,"column":5}}]}},"s":{"0":17,"1":17,"2":17,"3":2,"4":2,"5":2,"6":2,"7":2,"8":2,"9":1,"10":2,"11":3,"12":2,"13":6,"14":6,"15":3,"16":3,"17":1,"18":2,"19":2,"20":2,"21":2,"22":2,"23":2,"24":2,"25":2,"26":2,"27":17},"f":{"0":2,"1":3,"2":2,"3":6},"b":{"0":[1,0,0],"1":[3],"2":[1],"3":[2]}}
,"D:\\Uni\\Sem5\\backend-daisybrew\\src\\services\\user.service.ts": {"path":"D:\\Uni\\Sem5\\backend-daisybrew\\src\\services\\user.service.ts","statementMap":{"0":{"start":{"line":1,"column":0},"end":{"line":1,"column":65}},"1":{"start":{"line":2,"column":0},"end":{"line":2,"column":32}},"2":{"start":{"line":3,"column":0},"end":{"line":3,"column":31}},"3":{"start":{"line":4,"column":0},"end":{"line":4,"column":28}},"4":{"start":{"line":5,"column":0},"end":{"line":5,"column":49}},"5":{"start":{"line":6,"column":0},"end":{"line":6,"column":39}},"6":{"start":{"line":9,"column":23},"end":{"line":9,"column":43}},"7":{"start":{"line":13,"column":25},"end":{"line":13,"column":73}},"8":{"start":{"line":14,"column":4},"end":{"line":16,"column":5}},"9":{"start":{"line":15,"column":6},"end":{"line":15,"column":55}},"10":{"start":{"line":18,"column":27},"end":{"line":18,"column":65}},"11":{"start":{"line":20,"column":20},"end":{"line":25,"column":6}},"12":{"start":{"line":27,"column":4},"end":{"line":32,"column":6}},"13":{"start":{"line":36,"column":17},"end":{"line":36,"column":65}},"14":{"start":{"line":37,"column":4},"end":{"line":39,"column":5}},"15":{"start":{"line":38,"column":6},"end":{"line":38,"column":49}},"16":{"start":{"line":41,"column":28},"end":{"line":43,"column":null}},"17":{"start":{"line":46,"column":4},"end":{"line":48,"column":5}},"18":{"start":{"line":47,"column":6},"end":{"line":47,"column":54}},"19":{"start":{"line":50,"column":20},"end":{"line":50,"column":72}},"20":{"start":{"line":51,"column":18},"end":{"line":51,"column":69}},"21":{"start":{"line":53,"column":4},"end":{"line":56,"column":6}},"22":{"start":{"line":60,"column":17},"end":{"line":60,"column":60}},"23":{"start":{"line":61,"column":4},"end":{"line":61,"column":22}},"24":{"start":{"line":61,"column":15},"end":{"line":61,"column":22}},"25":{"start":{"line":63,"column":24},"end":{"line":66,"column":20}},"26":{"start":{"line":68,"column":4},"end":{"line":68,"column":42}},"27":{"start":{"line":69,"column":4},"end":{"line":69,"column":70}},"28":{"start":{"line":71,"column":4},"end":{"line":71,"column":22}},"29":{"start":{"line":75,"column":24},"end":{"line":78,"column":20}},"30":{"start":{"line":80,"column":17},"end":{"line":80,"column":75}},"31":{"start":{"line":82,"column":4},"end":{"line":84,"column":5}},"32":{"start":{"line":83,"column":6},"end":{"line":83,"column":65}},"33":{"start":{"line":86,"column":4},"end":{"line":86,"column":57}},"34":{"start":{"line":87,"column":4},"end":{"line":87,"column":40}},"35":{"start":{"line":88,"column":4},"end":{"line":88,"column":42}},"36":{"start":{"line":90,"column":4},"end":{"line":90,"column":22}},"37":{"start":{"line":11,"column":0},"end":{"line":11,"column":13}}},"fnMap":{"0":{"name":"(anonymous_1)","decl":{"start":{"line":12,"column":2},"end":{"line":12,"column":7}},"loc":{"start":{"line":12,"column":38},"end":{"line":33,"column":3}}},"1":{"name":"(anonymous_2)","decl":{"start":{"line":35,"column":2},"end":{"line":35,"column":7}},"loc":{"start":{"line":35,"column":36},"end":{"line":57,"column":3}}},"2":{"name":"(anonymous_3)","decl":{"start":{"line":59,"column":2},"end":{"line":59,"column":7}},"loc":{"start":{"line":59,"column":58},"end":{"line":72,"column":3}}},"3":{"name":"(anonymous_4)","decl":{"start":{"line":74,"column":2},"end":{"line":74,"column":7}},"loc":{"start":{"line":74,"column":56},"end":{"line":91,"column":3}}}},"branchMap":{"0":{"loc":{"start":{"line":14,"column":4},"end":{"line":16,"column":5}},"type":"if","locations":[{"start":{"line":14,"column":4},"end":{"line":16,"column":5}}]},"1":{"loc":{"start":{"line":37,"column":4},"end":{"line":39,"column":5}},"type":"if","locations":[{"start":{"line":37,"column":4},"end":{"line":39,"column":5}}]},"2":{"loc":{"start":{"line":46,"column":4},"end":{"line":48,"column":5}},"type":"if","locations":[{"start":{"line":46,"column":4},"end":{"line":48,"column":5}}]},"3":{"loc":{"start":{"line":61,"column":4},"end":{"line":61,"column":22}},"type":"if","locations":[{"start":{"line":61,"column":4},"end":{"line":61,"column":22}}]},"4":{"loc":{"start":{"line":82,"column":4},"end":{"line":84,"column":5}},"type":"if","locations":[{"start":{"line":82,"column":4},"end":{"line":84,"column":5}}]}},"s":{"0":15,"1":15,"2":15,"3":15,"4":15,"5":15,"6":15,"7":6,"8":6,"9":3,"10":3,"11":3,"12":3,"13":12,"14":12,"15":1,"16":11,"17":11,"18":3,"19":8,"20":8,"21":8,"22":6,"23":6,"24":3,"25":3,"26":3,"27":3,"28":3,"29":6,"30":6,"31":6,"32":3,"33":3,"34":3,"35":3,"36":3,"37":15},"f":{"0":6,"1":12,"2":6,"3":6},"b":{"0":[3],"1":[1],"2":[3],"3":[3],"4":[3]}}
,"D:\\Uni\\Sem5\\backend-daisybrew\\src\\services\\admin\\notification.service.ts": {"path":"D:\\Uni\\Sem5\\backend-daisybrew\\src\\services\\admin\\notification.service.ts","statementMap":{"0":{"start":{"line":1,"column":0},"end":{"line":1,"column":84}},"1":{"start":{"line":5,"column":4},"end":{"line":5,"column":51}},"2":{"start":{"line":3,"column":0},"end":{"line":3,"column":13}}},"fnMap":{"0":{"name":"(anonymous_0)","decl":{"start":{"line":4,"column":2},"end":{"line":4,"column":8}},"loc":{"start":{"line":4,"column":36},"end":{"line":6,"column":3}}}},"branchMap":{},"s":{"0":15,"1":2,"2":15},"f":{"0":2},"b":{}}
}
