TN:
SF:src\config\email.ts
FN:13,(anonymous_1)
FNF:1
FNH:1
FNDA:4,(anonymous_1)
DA:1,9
DA:2,9
DA:3,9
DA:5,9
DA:13,9
DA:14,4
DA:20,4
LF:7
LH:7
BRF:0
BRH:0
end_of_record
TN:
SF:src\config\index.ts
FNF:0
FNH:0
DA:1,21
DA:3,21
DA:5,21
DA:6,21
LF:4
LH:4
BRF:0
BRH:0
end_of_record
TN:
SF:src\controllers\auth.controller.ts
FN:11,(anonymous_1)
FN:27,(anonymous_2)
FN:43,(anonymous_3)
FN:80,(anonymous_4)
FNF:4
FNH:4
FNDA:4,(anonymous_1)
FNDA:9,(anonymous_2)
FNDA:4,(anonymous_3)
FNDA:6,(anonymous_4)
DA:2,9
DA:3,9
DA:4,9
DA:5,9
DA:8,9
DA:10,9
DA:12,4
DA:13,4
DA:14,4
DA:15,2
DA:20,2
DA:28,9
DA:29,9
DA:30,9
DA:31,7
DA:36,2
DA:44,4
DA:45,4
DA:47,4
DA:48,0
DA:51,4
DA:53,4
DA:55,4
DA:57,4
DA:68,4
DA:74,0
DA:81,6
DA:82,6
DA:84,6
DA:85,2
DA:90,4
DA:92,2
DA:97,2
LF:33
LH:31
BRDA:20,0,0,2
BRDA:20,0,1,0
BRDA:36,1,0,2
BRDA:36,1,1,0
BRDA:47,2,0,0
BRDA:74,3,0,0
BRDA:74,3,1,0
BRDA:84,4,0,2
BRDA:84,5,0,6
BRDA:84,5,1,4
BRDA:97,6,0,2
BRDA:97,6,1,0
BRF:12
BRH:6
end_of_record
TN:
SF:src\controllers\menu.controller.ts
FN:4,(anonymous_0)
FNF:1
FNH:0
FNDA:0,(anonymous_0)
DA:2,9
DA:4,9
DA:5,0
DA:6,0
DA:7,0
DA:9,0
DA:10,0
LF:7
LH:2
BRF:0
BRH:0
end_of_record
TN:
SF:src\controllers\notification.controller.ts
FN:5,(anonymous_0)
FN:16,(anonymous_1)
FN:27,(anonymous_2)
FNF:3
FNH:0
FNDA:0,(anonymous_0)
FNDA:0,(anonymous_1)
FNDA:0,(anonymous_2)
DA:2,0
DA:5,0
DA:6,0
DA:7,0
DA:8,0
DA:10,0
DA:11,0
DA:16,0
DA:17,0
DA:18,0
DA:19,0
DA:21,0
DA:22,0
DA:27,0
DA:28,0
DA:29,0
DA:30,0
DA:32,0
DA:33,0
LF:19
LH:0
BRF:0
BRH:0
end_of_record
TN:
SF:src\controllers\order.controller.ts
FN:5,(anonymous_0)
FN:16,(anonymous_1)
FNF:2
FNH:0
FNDA:0,(anonymous_0)
FNDA:0,(anonymous_1)
DA:2,9
DA:5,9
DA:6,0
DA:7,0
DA:8,0
DA:10,0
DA:11,0
DA:16,9
DA:17,0
DA:18,0
DA:19,0
DA:21,0
DA:22,0
LF:13
LH:3
BRDA:11,0,0,0
BRDA:11,0,1,0
BRF:2
BRH:0
end_of_record
TN:
SF:src\controllers\admin\menu.controller.ts
FN:6,(anonymous_0)
FN:17,(anonymous_1)
FN:37,(anonymous_2)
FN:59,(anonymous_3)
FN:71,(anonymous_4)
FNF:5
FNH:5
FNDA:1,(anonymous_0)
FNDA:1,(anonymous_1)
FNDA:1,(anonymous_2)
FNDA:1,(anonymous_3)
FNDA:1,(anonymous_4)
DA:2,9
DA:6,9
DA:7,1
DA:8,1
DA:9,1
DA:11,0
DA:12,0
DA:17,9
DA:18,1
DA:19,1
DA:20,1
DA:21,1
DA:23,1
DA:24,1
DA:26,1
DA:28,0
DA:29,0
DA:37,9
DA:38,1
DA:39,1
DA:40,1
DA:41,1
DA:42,1
DA:43,1
DA:46,1
DA:48,1
DA:49,1
DA:51,1
DA:53,0
DA:54,0
DA:59,9
DA:60,1
DA:61,1
DA:62,1
DA:63,1
DA:65,0
DA:66,0
DA:71,9
DA:72,1
DA:73,1
DA:74,1
DA:76,1
DA:77,1
DA:79,1
DA:81,0
DA:82,0
LF:46
LH:36
BRDA:21,0,0,1
BRDA:21,0,1,0
BRDA:31,1,0,0
BRDA:31,1,1,0
BRDA:42,2,0,1
BRDA:46,3,0,0
BRDA:49,4,0,0
BRDA:77,5,0,0
BRF:8
BRH:2
end_of_record
TN:
SF:src\controllers\admin\notification.controller.ts
FN:4,(anonymous_0)
FNF:1
FNH:1
FNDA:1,(anonymous_0)
DA:2,9
DA:4,9
DA:5,1
DA:6,1
DA:7,1
DA:9,0
DA:10,0
LF:7
LH:5
BRF:0
BRH:0
end_of_record
TN:
SF:src\controllers\admin\order.controller.ts
FN:6,(anonymous_0)
FN:17,(anonymous_1)
FNF:2
FNH:2
FNDA:1,(anonymous_0)
FNDA:3,(anonymous_1)
DA:2,9
DA:6,9
DA:7,1
DA:8,1
DA:9,1
DA:11,0
DA:12,0
DA:17,9
DA:18,3
DA:19,3
DA:20,3
DA:21,1
DA:23,2
DA:25,2
DA:26,2
DA:29,0
DA:30,0
DA:33,0
LF:18
LH:13
BRDA:25,0,0,2
BRDA:29,1,0,0
BRDA:33,2,0,0
BRDA:33,2,1,0
BRF:4
BRH:1
end_of_record
TN:
SF:src\controllers\admin\user.controller.ts
FN:8,(anonymous_1)
FN:55,(anonymous_2)
FN:99,(anonymous_3)
FN:112,(anonymous_4)
FN:126,(anonymous_5)
FN:164,(anonymous_6)
FNF:6
FNH:6
FNDA:3,(anonymous_1)
FNDA:3,(anonymous_2)
FNDA:4,(anonymous_3)
FNDA:1,(anonymous_4)
FNDA:3,(anonymous_5)
FNDA:3,(anonymous_6)
DA:2,9
DA:3,9
DA:5,9
DA:8,9
DA:9,3
DA:10,3
DA:12,3
DA:13,0
DA:16,3
DA:17,3
DA:18,1
DA:21,2
DA:23,2
DA:31,2
DA:32,1
DA:35,2
DA:37,2
DA:49,0
DA:50,0
DA:55,9
DA:56,3
DA:57,3
DA:59,3
DA:60,3
DA:62,3
DA:65,3
DA:66,0
DA:69,3
DA:70,3
DA:72,3
DA:79,3
DA:80,0
DA:83,3
DA:93,0
DA:94,0
DA:99,9
DA:100,4
DA:101,4
DA:102,4
DA:103,2
DA:105,2
DA:107,0
DA:112,9
DA:113,1
DA:114,1
DA:116,1
DA:118,1
DA:120,0
DA:121,0
DA:126,9
DA:127,3
DA:128,3
DA:129,3
DA:131,3
DA:132,1
DA:135,2
DA:136,2
DA:137,2
DA:138,2
DA:139,0
DA:142,2
DA:143,1
DA:146,2
DA:148,2
DA:159,0
DA:164,9
DA:165,3
DA:166,3
DA:167,3
DA:168,1
DA:170,2
DA:172,0
LF:72
LH:59
BRDA:12,0,0,0
BRDA:12,1,0,3
BRDA:12,1,1,3
BRDA:12,1,2,3
BRDA:17,2,0,1
BRDA:27,3,0,2
BRDA:27,3,1,1
BRDA:28,4,0,1
BRDA:28,4,1,1
BRDA:31,5,0,1
BRDA:57,6,0,3
BRDA:57,7,0,3
BRDA:57,8,0,3
BRDA:65,9,0,0
BRDA:79,10,0,0
BRDA:102,11,0,2
BRDA:131,12,0,1
BRDA:135,13,0,1
BRDA:136,14,0,1
BRDA:137,15,0,1
BRDA:138,16,0,0
BRDA:142,17,0,1
BRDA:167,18,0,1
BRF:23
BRH:19
end_of_record
TN:
SF:src\database\mongodb.ts
FN:4,connectDatabase
FN:14,connectDatabaseTest
FNF:2
FNH:1
FNDA:0,connectDatabase
FNDA:21,connectDatabaseTest
DA:1,21
DA:2,21
DA:4,21
DA:5,0
DA:6,0
DA:7,0
DA:9,0
DA:10,0
DA:14,21
DA:15,21
DA:16,21
DA:17,21
DA:19,0
DA:20,0
LF:14
LH:7
BRF:0
BRH:0
end_of_record
TN:
SF:src\dtos\user.dto.ts
FNF:0
FNH:0
DA:1,9
DA:3,9
DA:10,9
LF:3
LH:3
BRF:0
BRH:0
end_of_record
TN:
SF:src\errors\http-error.ts
FN:4,(anonymous_0)
FNF:1
FNH:1
FNDA:12,(anonymous_0)
DA:1,11
DA:5,12
DA:6,12
DA:8,12
LF:4
LH:4
BRF:0
BRH:0
end_of_record
TN:
SF:src\middlewares\admin.middleware.ts
FN:3,(anonymous_0)
FNF:1
FNH:1
FNDA:7,(anonymous_0)
DA:3,10
DA:4,7
DA:5,7
DA:6,2
DA:9,5
DA:10,1
DA:13,4
DA:15,0
LF:8
LH:7
BRDA:5,0,0,2
BRDA:9,1,0,1
BRF:2
BRH:2
end_of_record
TN:
SF:src\middlewares\auth.middleware.ts
FN:5,(anonymous_1)
FN:30,(anonymous_2)
FNF:2
FNH:2
FNDA:54,(anonymous_1)
FNDA:39,(anonymous_2)
DA:2,10
DA:3,10
DA:5,10
DA:6,54
DA:7,54
DA:9,54
DA:10,11
DA:13,43
DA:15,43
DA:17,41
DA:19,41
DA:20,1
DA:23,40
DA:24,40
DA:26,2
DA:30,10
DA:31,39
DA:32,39
DA:33,1
DA:36,38
DA:37,10
DA:40,28
DA:42,0
LF:23
LH:22
BRDA:9,0,0,11
BRDA:9,1,0,54
BRDA:9,1,1,44
BRDA:19,2,0,1
BRDA:32,3,0,1
BRDA:36,4,0,10
BRF:6
BRH:6
end_of_record
TN:
SF:src\middlewares\authorized.middleware.ts
FN:10,(anonymous_1)
FN:46,(anonymous_2)
FNF:2
FNH:1
FNDA:2,(anonymous_1)
FNDA:0,(anonymous_2)
DA:2,10
DA:3,10
DA:10,10
DA:11,2
DA:13,2
DA:15,2
DA:16,1
DA:17,1
DA:18,0
DA:21,2
DA:22,1
DA:26,1
DA:29,1
DA:31,1
DA:32,0
DA:36,1
DA:38,1
DA:40,0
DA:41,0
DA:46,10
DA:47,0
DA:48,0
DA:51,0
DA:52,0
DA:55,0
LF:25
LH:16
BRDA:15,0,0,1
BRDA:15,0,1,1
BRDA:15,1,0,2
BRDA:15,1,1,1
BRDA:17,2,0,0
BRDA:21,3,0,1
BRDA:31,4,0,0
BRDA:47,5,0,0
BRDA:51,6,0,0
BRF:9
BRH:5
end_of_record
TN:
SF:src\middlewares\upload.middleware.ts
FN:9,(anonymous_1)
FN:17,(anonymous_2)
FN:23,(anonymous_3)
FN:38,(anonymous_4)
FN:39,(anonymous_5)
FN:40,(anonymous_6)
FNF:6
FNH:4
FNDA:3,(anonymous_1)
FNDA:3,(anonymous_2)
FNDA:7,(anonymous_3)
FNDA:36,(anonymous_4)
FNDA:0,(anonymous_5)
FNDA:0,(anonymous_6)
DA:1,10
DA:2,10
DA:4,10
DA:5,10
DA:6,10
DA:8,10
DA:10,3
DA:11,3
DA:12,0
DA:15,3
DA:18,3
DA:19,3
DA:23,10
DA:24,7
DA:25,5
DA:27,2
DA:31,10
DA:37,10
DA:38,36
DA:39,0
DA:40,0
LF:21
LH:18
BRDA:11,0,0,0
BRDA:24,1,0,5
BRDA:24,1,1,2
BRF:3
BRH:2
end_of_record
TN:
SF:src\models\menu.model.ts
FNF:0
FNH:0
DA:1,11
DA:13,11
DA:24,11
LF:3
LH:3
BRF:0
BRH:0
end_of_record
TN:
SF:src\models\notification.model.ts
FNF:0
FNH:0
DA:1,12
DA:3,12
DA:22,12
LF:3
LH:3
BRF:0
BRH:0
end_of_record
TN:
SF:src\models\order.model.ts
FNF:0
FNH:0
DA:1,11
DA:28,11
DA:82,11
LF:3
LH:3
BRF:0
BRH:0
end_of_record
TN:
SF:src\models\user.model.ts
FNF:0
FNH:0
DA:1,15
DA:13,15
DA:26,15
LF:3
LH:3
BRF:0
BRH:0
end_of_record
TN:
SF:src\repositories\menu.repository.ts
FN:5,(anonymous_1)
FN:9,(anonymous_2)
FN:13,(anonymous_3)
FN:17,(anonymous_4)
FN:21,(anonymous_5)
FN:22,(anonymous_6)
FN:25,(anonymous_7)
FNF:7
FNH:7
FNDA:2,(anonymous_1)
FNDA:1,(anonymous_2)
FNDA:2,(anonymous_3)
FNDA:3,(anonymous_4)
FNDA:2,(anonymous_5)
FNDA:2,(anonymous_6)
FNDA:2,(anonymous_7)
DA:1,11
DA:4,11
DA:6,2
DA:10,1
DA:14,2
DA:18,3
DA:22,2
DA:26,2
LF:8
LH:8
BRF:0
BRH:0
end_of_record
TN:
SF:src\repositories\notification.repository.ts
FN:6,(anonymous_1)
FN:11,(anonymous_2)
FN:16,(anonymous_3)
FN:20,(anonymous_4)
FNF:4
FNH:4
FNDA:2,(anonymous_1)
FNDA:1,(anonymous_2)
FNDA:1,(anonymous_3)
FNDA:2,(anonymous_4)
DA:1,11
DA:4,11
DA:7,2
DA:12,1
DA:17,1
DA:21,2
LF:6
LH:6
BRF:0
BRH:0
end_of_record
TN:
SF:src\repositories\order.repository.ts
FN:6,(anonymous_0)
FN:23,(anonymous_1)
FN:28,(anonymous_2)
FN:35,(anonymous_3)
FN:40,(anonymous_4)
FNF:5
FNH:5
FNDA:1,(anonymous_0)
FNDA:3,(anonymous_1)
FNDA:2,(anonymous_2)
FNDA:5,(anonymous_3)
FNDA:3,(anonymous_4)
DA:1,11
DA:4,11
DA:7,1
DA:19,1
DA:24,3
DA:29,2
DA:36,5
DA:41,3
DA:42,3
DA:44,2
DA:45,2
LF:11
LH:11
BRDA:13,0,0,0
BRDA:13,0,1,1
BRDA:42,1,0,1
BRF:3
BRH:2
end_of_record
TN:
SF:src\repositories\user.repository.ts
FN:4,(anonymous_0)
FN:8,(anonymous_1)
FN:12,(anonymous_2)
FN:16,(anonymous_3)
FNF:4
FNH:3
FNDA:0,(anonymous_0)
FNDA:3,(anonymous_1)
FNDA:19,(anonymous_2)
FNDA:7,(anonymous_3)
DA:1,10
DA:3,10
DA:5,0
DA:9,3
DA:13,19
DA:17,7
LF:6
LH:5
BRF:0
BRH:0
end_of_record
TN:
SF:src\routes\auth.route.ts
FN:7,(anonymous_0)
FN:9,(anonymous_1)
FN:11,(anonymous_2)
FN:13,(anonymous_3)
FNF:4
FNH:4
FNDA:4,(anonymous_0)
FNDA:9,(anonymous_1)
FNDA:4,(anonymous_2)
FNDA:6,(anonymous_3)
DA:1,9
DA:2,9
DA:4,9
DA:5,9
DA:7,9
DA:9,9
DA:11,9
DA:13,9
DA:15,9
LF:9
LH:9
BRF:0
BRH:0
end_of_record
TN:
SF:src\routes\menu.route.ts
FNF:0
FNH:0
DA:1,9
DA:2,9
DA:4,9
DA:7,9
DA:9,9
LF:5
LH:5
BRF:0
BRH:0
end_of_record
TN:
SF:src\routes\notification.route.ts
FN:8,(anonymous_1)
FN:22,(anonymous_2)
FN:34,(anonymous_3)
FNF:3
FNH:0
FNDA:0,(anonymous_1)
FNDA:0,(anonymous_2)
FNDA:0,(anonymous_3)
DA:1,9
DA:2,9
DA:3,9
DA:5,9
DA:8,9
DA:9,0
DA:10,0
DA:14,0
DA:16,0
DA:18,0
DA:22,9
DA:23,0
DA:24,0
DA:28,0
DA:30,0
DA:34,9
DA:35,0
DA:36,0
DA:37,0
DA:41,0
DA:43,0
DA:47,9
LF:22
LH:8
BRF:0
BRH:0
end_of_record
TN:
SF:src\routes\order.route.ts
FNF:0
FNH:0
DA:1,9
DA:2,9
DA:3,9
DA:5,9
DA:8,9
DA:10,9
DA:11,9
DA:13,9
LF:8
LH:8
BRF:0
BRH:0
end_of_record
TN:
SF:src\routes\user.route.ts
FN:9,(anonymous_1)
FN:16,(anonymous_2)
FN:38,(anonymous_3)
FNF:3
FNH:0
FNDA:0,(anonymous_1)
FNDA:0,(anonymous_2)
FNDA:0,(anonymous_3)
DA:1,9
DA:2,9
DA:3,9
DA:4,9
DA:6,9
DA:9,9
DA:10,0
DA:16,9
DA:17,0
DA:18,0
DA:20,0
DA:22,0
DA:28,0
DA:33,0
DA:38,9
DA:39,0
DA:40,0
DA:41,0
DA:43,0
DA:44,0
DA:46,0
DA:47,0
DA:48,0
DA:50,0
DA:52,0
DA:53,0
DA:55,0
DA:57,0
DA:61,9
LF:29
LH:9
BRDA:44,0,0,0
BRDA:47,1,0,0
BRF:2
BRH:0
end_of_record
TN:
SF:src\routes\admin\menu.route.ts
FNF:0
FNH:0
DA:1,9
DA:2,9
DA:9,9
DA:10,9
DA:12,9
DA:15,9
DA:18,9
DA:21,9
DA:24,9
DA:27,9
DA:30,9
DA:32,9
LF:12
LH:12
BRF:0
BRH:0
end_of_record
TN:
SF:src\routes\admin\notification.route.ts
FNF:0
FNH:0
DA:1,9
DA:2,9
DA:3,9
DA:5,9
DA:7,9
DA:9,9
DA:11,9
LF:7
LH:7
BRF:0
BRH:0
end_of_record
TN:
SF:src\routes\admin\order.route.ts
FNF:0
FNH:0
DA:1,9
DA:2,9
DA:3,9
DA:5,9
DA:7,9
DA:9,9
DA:10,9
DA:12,9
LF:8
LH:8
BRF:0
BRH:0
end_of_record
TN:
SF:src\routes\admin\reports.route.ts
FN:10,(anonymous_1)
FN:30,(anonymous_2)
FN:46,(anonymous_3)
FNF:3
FNH:3
FNDA:1,(anonymous_1)
FNDA:1,(anonymous_2)
FNDA:1,(anonymous_3)
DA:2,9
DA:3,9
DA:4,9
DA:5,9
DA:7,9
DA:10,9
DA:11,1
DA:12,1
DA:22,1
DA:24,0
DA:25,0
DA:30,9
DA:31,1
DA:32,1
DA:38,1
DA:40,0
DA:41,0
DA:46,9
DA:47,1
DA:48,1
DA:59,1
DA:61,0
DA:62,0
DA:66,9
LF:24
LH:18
BRDA:59,0,0,1
BRDA:59,0,1,0
BRF:2
BRH:1
end_of_record
TN:
SF:src\routes\admin\user.route.ts
FNF:0
FNH:0
DA:1,9
DA:2,9
DA:3,9
DA:4,9
DA:6,9
DA:9,9
DA:12,9
DA:15,9
DA:17,9
DA:20,9
DA:23,9
DA:25,9
LF:12
LH:12
BRF:0
BRH:0
end_of_record
TN:
SF:src\services\menu.service.ts
FN:6,(anonymous_0)
FN:10,(anonymous_1)
FN:14,(anonymous_2)
FN:18,(anonymous_3)
FN:22,(anonymous_4)
FN:26,(anonymous_5)
FNF:6
FNH:6
FNDA:2,(anonymous_0)
FNDA:1,(anonymous_1)
FNDA:2,(anonymous_2)
FNDA:2,(anonymous_3)
FNDA:2,(anonymous_4)
FNDA:2,(anonymous_5)
DA:1,10
DA:5,10
DA:7,2
DA:11,1
DA:15,2
DA:19,2
DA:23,2
DA:27,2
LF:8
LH:8
BRF:0
BRH:0
end_of_record
TN:
SF:src\services\notification.service.ts
FN:5,(anonymous_0)
FN:9,(anonymous_1)
FN:13,(anonymous_2)
FNF:3
FNH:3
FNDA:1,(anonymous_0)
FNDA:1,(anonymous_1)
FNDA:1,(anonymous_2)
DA:1,1
DA:4,1
DA:6,1
DA:10,1
DA:14,1
LF:5
LH:5
BRF:0
BRH:0
end_of_record
TN:
SF:src\services\order.service.ts
FN:8,(anonymous_1)
FN:32,(anonymous_2)
FN:37,(anonymous_3)
FN:42,(anonymous_4)
FNF:4
FNH:4
FNDA:1,(anonymous_1)
FNDA:2,(anonymous_2)
FNDA:2,(anonymous_3)
FNDA:6,(anonymous_4)
DA:1,10
DA:2,10
DA:3,10
DA:6,10
DA:10,1
DA:11,1
DA:14,1
DA:20,1
DA:21,1
DA:22,1
DA:28,1
DA:33,2
DA:38,2
DA:43,6
DA:44,6
DA:45,3
DA:48,2
DA:49,2
DA:52,2
DA:53,2
DA:60,2
DA:61,2
DA:62,2
DA:68,2
DA:69,2
LF:25
LH:25
BRDA:44,0,0,3
BRDA:45,1,0,1
BRDA:52,2,0,2
BRF:3
BRH:3
end_of_record
TN:
SF:src\services\user.service.ts
FN:12,(anonymous_1)
FN:35,(anonymous_2)
FN:59,(anonymous_3)
FN:74,(anonymous_4)
FNF:4
FNH:4
FNDA:6,(anonymous_1)
FNDA:12,(anonymous_2)
FNDA:6,(anonymous_3)
FNDA:6,(anonymous_4)
DA:1,10
DA:2,10
DA:3,10
DA:4,10
DA:5,10
DA:6,10
DA:9,10
DA:11,10
DA:13,6
DA:14,6
DA:15,3
DA:18,3
DA:20,3
DA:27,3
DA:36,12
DA:37,12
DA:38,1
DA:41,11
DA:46,11
DA:47,3
DA:50,8
DA:51,8
DA:53,8
DA:60,6
DA:61,6
DA:63,3
DA:68,3
DA:69,3
DA:71,3
DA:75,6
DA:80,6
DA:82,6
DA:83,3
DA:86,3
DA:87,3
DA:88,3
DA:90,3
LF:37
LH:37
BRDA:14,0,0,3
BRDA:37,1,0,1
BRDA:46,2,0,3
BRDA:61,3,0,3
BRDA:82,4,0,3
BRF:5
BRH:5
end_of_record
TN:
SF:src\services\admin\notification.service.ts
FN:4,(anonymous_0)
FNF:1
FNH:1
FNDA:2,(anonymous_0)
DA:1,10
DA:3,10
DA:5,2
LF:3
LH:3
BRF:0
BRH:0
end_of_record
